2025-07-25 15:06:54 - ========================================================
2025-07-25 15:06:54 - Portfolio Pipeline Started (Version: 2.3)
2025-07-25 15:06:54 - Project Directory: /Users/gabrielcampos/PortfolioESG
2025-07-25 15:06:54 - Using Python from: /Users/gabrielcampos/PortfolioESG/.venv/bin/python
2025-07-25 15:06:54 - --------------------------------------------------------
2025-07-25 15:06:54 - Initializing progress.json for new run...
2025-07-25 15:06:54 - FATAL: Failed to initialize progress.json. Exiting.
2025-07-25 15:13:17 - Using jq from: /usr/bin/jq
2025-07-25 15:13:17 - ========================================================
2025-07-25 15:13:17 - Portfolio Pipeline Started (Version: 2.4)
2025-07-25 15:13:17 - Project Directory: /Users/gabrielcampos/PortfolioESG
2025-07-25 15:13:17 - Using Python from: /Users/gabrielcampos/PortfolioESG/.venv/bin/python
2025-07-25 15:13:17 - --------------------------------------------------------
2025-07-25 15:13:17 - Initializing progress.json for new run...
2025-07-25 15:13:17 - FATAL: Failed to initialize progress.json. Exiting.
2025-07-25 15:18:01 - Using jq from: /usr/bin/jq
2025-07-25 15:18:01 - ========================================================
2025-07-25 15:18:01 - Portfolio Pipeline Started (Version: 2.5)
2025-07-25 15:18:01 - Project Directory: /Users/gabrielcampos/PortfolioESG
2025-07-25 15:18:01 - Using Python from: /Users/gabrielcampos/PortfolioESG/.venv/bin/python
2025-07-25 15:18:01 - --------------------------------------------------------
2025-07-25 15:18:01 - Initializing progress.json for new run...
2025-07-25 15:18:01 - progress.json initialized successfully.
2025-07-25 15:18:01 - --- Starting Stage: Data Download ---
2025-07-25 15:18:02,897 - DownloadRunner - INFO - Initializing pipeline status.
2025-07-25 15:18:02,898 - DownloadRunner - INFO - Starting Download.py execution pipeline.
2025-07-25 15:18:02,908 - DownloadRunner - INFO - Successfully loaded 192 total entries from /Users/gabrielcampos/PortfolioESG/parameters/tickers.txt.
2025-07-25 15:18:02,908 - DownloadRunner - INFO - Filtered out 8 tickers marked with 'Error', leaving 184 valid tickers.
2025-07-25 15:18:02,908 - DownloadRunner - INFO - Starting main data download and processing pipeline.
2025-07-25 15:18:02,922 - DownloadRunner - INFO - Loaded yfinance skip data for 197 tickers.
2025-07-25 15:18:02,926 - DownloadRunner - INFO - Generated holiday calendar from 2014 to 2025.
2025-07-25 15:18:02,926 - DownloadRunner - INFO - --- Starting Data Download for 184 tickers ---
2025-07-25 15:18:02,926 - DownloadRunner - INFO - Processing AALR3.SA (1/184)
2025-07-25 15:18:04,359 - DownloadRunner - INFO - Identified 1 missing dates for AALR3.SA.
2025-07-25 15:18:04,578 - DownloadRunner - INFO - Successfully saved 1 daily data files for AALR3.SA.
2025-07-25 15:18:04,578 - DownloadRunner - INFO - Processing ABCB4.SA (2/184)
2025-07-25 15:18:05,182 - DownloadRunner - INFO - Identified 1 missing dates for ABCB4.SA.
2025-07-25 15:18:05,369 - DownloadRunner - INFO - Successfully saved 1 daily data files for ABCB4.SA.
2025-07-25 15:18:05,369 - DownloadRunner - INFO - Processing ABEV3.SA (3/184)
2025-07-25 15:18:05,990 - DownloadRunner - INFO - Identified 1 missing dates for ABEV3.SA.
2025-07-25 15:18:06,187 - DownloadRunner - INFO - Successfully saved 1 daily data files for ABEV3.SA.
2025-07-25 15:18:06,187 - DownloadRunner - INFO - Processing AERI3.SA (4/184)
2025-07-25 15:18:06,775 - DownloadRunner - INFO - Identified 1 missing dates for AERI3.SA.
2025-07-25 15:18:06,953 - DownloadRunner - INFO - Successfully saved 1 daily data files for AERI3.SA.
2025-07-25 15:18:06,953 - DownloadRunner - INFO - Processing AGRO3.SA (5/184)
2025-07-25 15:18:07,557 - DownloadRunner - INFO - Identified 1 missing dates for AGRO3.SA.
2025-07-25 15:18:07,740 - DownloadRunner - INFO - Successfully saved 1 daily data files for AGRO3.SA.
2025-07-25 15:18:07,740 - DownloadRunner - INFO - Processing AGXY3.SA (6/184)
2025-07-25 15:18:08,324 - DownloadRunner - INFO - Identified 1 missing dates for AGXY3.SA.
2025-07-25 15:18:08,496 - DownloadRunner - INFO - Successfully saved 1 daily data files for AGXY3.SA.
2025-07-25 15:18:08,496 - DownloadRunner - INFO - Processing ALOS3.SA (7/184)
2025-07-25 15:18:09,326 - DownloadRunner - INFO - Identified 1 missing dates for ALOS3.SA.
2025-07-25 15:18:09,507 - DownloadRunner - INFO - Successfully saved 1 daily data files for ALOS3.SA.
2025-07-25 15:18:09,507 - DownloadRunner - INFO - Processing ALPA4.SA (8/184)
2025-07-25 15:18:10,091 - DownloadRunner - INFO - Identified 1 missing dates for ALPA4.SA.
2025-07-25 15:18:10,275 - DownloadRunner - INFO - Successfully saved 1 daily data files for ALPA4.SA.
2025-07-25 15:18:10,275 - DownloadRunner - INFO - Processing ALUP11.SA (9/184)
2025-07-25 15:18:11,112 - DownloadRunner - INFO - Identified 1 missing dates for ALUP11.SA.
2025-07-25 15:18:11,298 - DownloadRunner - INFO - Successfully saved 1 daily data files for ALUP11.SA.
2025-07-25 15:18:11,299 - DownloadRunner - INFO - Processing ALUP3.SA (10/184)
2025-07-25 15:18:11,929 - DownloadRunner - INFO - Identified 1 missing dates for ALUP3.SA.
2025-07-25 15:18:12,114 - DownloadRunner - INFO - Successfully saved 1 daily data files for ALUP3.SA.
2025-07-25 15:18:12,114 - DownloadRunner - INFO - Processing AMBP3.SA (11/184)
2025-07-25 15:18:12,748 - DownloadRunner - INFO - Identified 1 missing dates for AMBP3.SA.
2025-07-25 15:18:12,917 - DownloadRunner - INFO - Successfully saved 1 daily data files for AMBP3.SA.
2025-07-25 15:18:12,917 - DownloadRunner - INFO - Processing ANIM3.SA (12/184)
2025-07-25 15:18:13,511 - DownloadRunner - INFO - Identified 1 missing dates for ANIM3.SA.
2025-07-25 15:18:13,688 - DownloadRunner - INFO - Successfully saved 1 daily data files for ANIM3.SA.
2025-07-25 15:18:13,689 - DownloadRunner - INFO - Processing ASAI3.SA (13/184)
2025-07-25 15:18:14,283 - DownloadRunner - INFO - Identified 1 missing dates for ASAI3.SA.
2025-07-25 15:18:14,464 - DownloadRunner - INFO - Successfully saved 1 daily data files for ASAI3.SA.
2025-07-25 15:18:14,464 - DownloadRunner - INFO - Processing AURA33.SA (14/184)
2025-07-25 15:18:15,062 - DownloadRunner - INFO - Identified 1 missing dates for AURA33.SA.
2025-07-25 15:18:15,240 - DownloadRunner - INFO - Successfully saved 1 daily data files for AURA33.SA.
2025-07-25 15:18:15,240 - DownloadRunner - INFO - Processing AURE3.SA (15/184)
2025-07-25 15:18:15,865 - DownloadRunner - INFO - Identified 1 missing dates for AURE3.SA.
2025-07-25 15:18:16,037 - DownloadRunner - INFO - Successfully saved 1 daily data files for AURE3.SA.
2025-07-25 15:18:16,037 - DownloadRunner - INFO - Processing AZUL4.SA (16/184)
2025-07-25 15:18:16,632 - DownloadRunner - INFO - Identified 1 missing dates for AZUL4.SA.
2025-07-25 15:18:16,794 - DownloadRunner - INFO - Successfully saved 1 daily data files for AZUL4.SA.
2025-07-25 15:18:16,795 - DownloadRunner - INFO - Processing AZZA3.SA (17/184)
2025-07-25 15:18:17,435 - DownloadRunner - INFO - Identified 1 missing dates for AZZA3.SA.
2025-07-25 15:18:17,638 - DownloadRunner - INFO - Successfully saved 1 daily data files for AZZA3.SA.
2025-07-25 15:18:17,639 - DownloadRunner - INFO - Processing B3SA3.SA (18/184)
2025-07-25 15:18:18,194 - DownloadRunner - INFO - Ticker B3SA3.SA is marked for permanent skip. No missing dates will be calculated.
2025-07-25 15:18:18,195 - DownloadRunner - INFO - Processing BBAS3.SA (19/184)
2025-07-25 15:18:18,795 - DownloadRunner - INFO - Identified 1 missing dates for BBAS3.SA.
2025-07-25 15:18:18,997 - DownloadRunner - INFO - Successfully saved 1 daily data files for BBAS3.SA.
2025-07-25 15:18:18,997 - DownloadRunner - INFO - Processing BBDC3.SA (20/184)
2025-07-25 15:18:19,593 - DownloadRunner - INFO - Identified 1 missing dates for BBDC3.SA.
2025-07-25 15:18:20,096 - DownloadRunner - INFO - Successfully saved 1 daily data files for BBDC3.SA.
2025-07-25 15:18:20,097 - DownloadRunner - INFO - Processing BBDC4.SA (21/184)
2025-07-25 15:18:20,718 - DownloadRunner - INFO - Identified 1 missing dates for BBDC4.SA.
2025-07-25 15:18:20,909 - DownloadRunner - INFO - Successfully saved 1 daily data files for BBDC4.SA.
2025-07-25 15:18:20,910 - DownloadRunner - INFO - Processing BBSE3.SA (22/184)
2025-07-25 15:18:21,444 - DownloadRunner - INFO - Ticker BBSE3.SA is marked for permanent skip. No missing dates will be calculated.
2025-07-25 15:18:21,444 - DownloadRunner - INFO - Processing BEEF3.SA (23/184)
2025-07-25 15:18:21,944 - DownloadRunner - INFO - Ticker BEEF3.SA is marked for permanent skip. No missing dates will be calculated.
2025-07-25 15:18:21,944 - DownloadRunner - INFO - Processing BEEF9.SA (24/184)
2025-07-25 15:18:22,696 - DownloadRunner - INFO - Ticker BEEF9.SA is marked for permanent skip. No missing dates will be calculated.
2025-07-25 15:18:22,697 - DownloadRunner - INFO - Processing BHIA3.SA (25/184)
2025-07-25 15:18:23,560 - DownloadRunner - INFO - Ticker BHIA3.SA is marked for permanent skip. No missing dates will be calculated.
2025-07-25 15:18:23,560 - DownloadRunner - INFO - Processing BKBR3.SA (26/184)
2025-07-25 15:18:24,128 - DownloadRunner - INFO - Ticker BKBR3.SA is marked for permanent skip. No missing dates will be calculated.
2025-07-25 15:18:24,128 - DownloadRunner - INFO - Processing BLAU3.SA (27/184)
2025-07-25 15:18:24,669 - DownloadRunner - INFO - Ticker BLAU3.SA is marked for permanent skip. No missing dates will be calculated.
2025-07-25 15:18:24,669 - DownloadRunner - INFO - Processing BMOB3.SA (28/184)
2025-07-25 15:18:25,264 - DownloadRunner - INFO - Identified 1 missing dates for BMOB3.SA.
2025-07-25 15:18:25,446 - DownloadRunner - INFO - Successfully saved 1 daily data files for BMOB3.SA.
2025-07-25 15:18:25,446 - DownloadRunner - INFO - Processing BPAC11.SA (29/184)
2025-07-25 15:18:26,299 - DownloadRunner - INFO - Identified 1 missing dates for BPAC11.SA.
2025-07-25 15:18:26,473 - DownloadRunner - INFO - Successfully saved 1 daily data files for BPAC11.SA.
2025-07-25 15:18:26,473 - DownloadRunner - INFO - Processing BPAN4.SA (30/184)
2025-07-25 15:18:27,074 - DownloadRunner - INFO - Identified 1 missing dates for BPAN4.SA.
2025-07-25 15:18:27,293 - DownloadRunner - INFO - Successfully saved 1 daily data files for BPAN4.SA.
2025-07-25 15:18:27,293 - DownloadRunner - INFO - Processing BRIT3.SA (31/184)
2025-07-25 15:18:27,907 - DownloadRunner - INFO - Identified 1 missing dates for BRIT3.SA.
$BRIT3.SA: possibly delisted; no timezone found
2025-07-25 15:18:28,427 - DownloadRunner - WARNING - yfinance returned no data for BRIT3.SA in the requested range.
2025-07-25 15:18:28,428 - DownloadRunner - WARNING - For BRIT3.SA, 1 dates failed to download. Adding to skip list.
2025-07-25 15:18:28,429 - DownloadRunner - INFO - Processing BRKM5.SA (32/184)
2025-07-25 15:18:29,044 - DownloadRunner - INFO - Identified 1 missing dates for BRKM5.SA.
2025-07-25 15:18:29,228 - DownloadRunner - INFO - Successfully saved 1 daily data files for BRKM5.SA.
2025-07-25 15:18:29,228 - DownloadRunner - INFO - Processing BRML3.SA (33/184)
2025-07-25 15:18:29,770 - DownloadRunner - INFO - Identified 1 missing dates for BRML3.SA.
$BRML3.SA: possibly delisted; no timezone found
2025-07-25 15:18:30,432 - DownloadRunner - WARNING - yfinance returned no data for BRML3.SA in the requested range.
2025-07-25 15:18:30,433 - DownloadRunner - WARNING - For BRML3.SA, 1 dates failed to download. Adding to skip list.
2025-07-25 15:18:30,434 - DownloadRunner - INFO - Processing BRSR6.SA (34/184)
2025-07-25 15:18:31,018 - DownloadRunner - INFO - Identified 1 missing dates for BRSR6.SA.
2025-07-25 15:18:31,220 - DownloadRunner - INFO - Successfully saved 1 daily data files for BRSR6.SA.
2025-07-25 15:18:31,220 - DownloadRunner - INFO - Processing BTOW3.SA (35/184)
2025-07-25 15:18:32,122 - DownloadRunner - INFO - Identified 1 missing dates for BTOW3.SA.
$BTOW3.SA: possibly delisted; no timezone found
2025-07-25 15:18:32,828 - DownloadRunner - WARNING - yfinance returned no data for BTOW3.SA in the requested range.
2025-07-25 15:18:32,829 - DownloadRunner - WARNING - For BTOW3.SA, 1 dates failed to download. Adding to skip list.
2025-07-25 15:18:32,831 - DownloadRunner - INFO - Processing CAML3.SA (36/184)
2025-07-25 15:18:33,419 - DownloadRunner - INFO - Identified 1 missing dates for CAML3.SA.
2025-07-25 15:18:33,593 - DownloadRunner - INFO - Successfully saved 1 daily data files for CAML3.SA.
2025-07-25 15:18:33,593 - DownloadRunner - INFO - Processing CASH3.SA (37/184)
2025-07-25 15:18:34,176 - DownloadRunner - INFO - Identified 1 missing dates for CASH3.SA.
2025-07-25 15:18:34,351 - DownloadRunner - INFO - Successfully saved 1 daily data files for CASH3.SA.
2025-07-25 15:18:34,351 - DownloadRunner - INFO - Processing CBAV3.SA (38/184)
2025-07-25 15:18:34,971 - DownloadRunner - INFO - Identified 1 missing dates for CBAV3.SA.
2025-07-25 15:18:35,405 - DownloadRunner - INFO - Successfully saved 1 daily data files for CBAV3.SA.
2025-07-25 15:18:35,406 - DownloadRunner - INFO - Processing CCRO3.SA (39/184)
HTTP Error 404: 
2025-07-25 15:18:36,788 - DownloadRunner - WARNING - Ticker CCRO3.SA seems invalid or delisted. Marking to skip.
2025-07-25 15:18:36,789 - DownloadRunner - INFO - Processing CEAB3.SA (40/184)
2025-07-25 15:18:37,374 - DownloadRunner - INFO - Identified 1 missing dates for CEAB3.SA.
2025-07-25 15:18:37,646 - DownloadRunner - INFO - Successfully saved 1 daily data files for CEAB3.SA.
2025-07-25 15:18:37,646 - DownloadRunner - INFO - Processing CMIG3.SA (41/184)
2025-07-25 15:18:38,235 - DownloadRunner - INFO - Identified 1 missing dates for CMIG3.SA.
2025-07-25 15:18:38,424 - DownloadRunner - INFO - Successfully saved 1 daily data files for CMIG3.SA.
2025-07-25 15:18:38,424 - DownloadRunner - INFO - Processing CMIG4.SA (42/184)
2025-07-25 15:18:39,018 - DownloadRunner - INFO - Identified 1 missing dates for CMIG4.SA.
2025-07-25 15:18:39,214 - DownloadRunner - INFO - Successfully saved 1 daily data files for CMIG4.SA.
2025-07-25 15:18:39,214 - DownloadRunner - INFO - Processing CMIN3.SA (43/184)
2025-07-25 15:18:39,792 - DownloadRunner - INFO - Identified 1 missing dates for CMIN3.SA.
2025-07-25 15:18:39,976 - DownloadRunner - INFO - Successfully saved 1 daily data files for CMIN3.SA.
2025-07-25 15:18:39,976 - DownloadRunner - INFO - Processing COGN3.SA (44/184)
2025-07-25 15:18:40,572 - DownloadRunner - INFO - Identified 1 missing dates for COGN3.SA.
2025-07-25 15:18:40,751 - DownloadRunner - INFO - Successfully saved 1 daily data files for COGN3.SA.
2025-07-25 15:18:40,751 - DownloadRunner - INFO - Processing CPFE3.SA (45/184)
2025-07-25 15:18:41,331 - DownloadRunner - INFO - Identified 1 missing dates for CPFE3.SA.
2025-07-25 15:18:41,531 - DownloadRunner - INFO - Successfully saved 1 daily data files for CPFE3.SA.
2025-07-25 15:18:41,532 - DownloadRunner - INFO - Processing CPLE3.SA (46/184)
2025-07-25 15:18:42,214 - DownloadRunner - INFO - Identified 1 missing dates for CPLE3.SA.
2025-07-25 15:18:42,422 - DownloadRunner - INFO - Successfully saved 1 daily data files for CPLE3.SA.
2025-07-25 15:18:42,423 - DownloadRunner - INFO - Processing CPLE6.SA (47/184)
2025-07-25 15:18:43,107 - DownloadRunner - INFO - Identified 1 missing dates for CPLE6.SA.
2025-07-25 15:18:43,325 - DownloadRunner - INFO - Successfully saved 1 daily data files for CPLE6.SA.
2025-07-25 15:18:43,325 - DownloadRunner - INFO - Processing CSAN3.SA (48/184)
2025-07-25 15:18:43,929 - DownloadRunner - INFO - Identified 1 missing dates for CSAN3.SA.
2025-07-25 15:18:44,115 - DownloadRunner - INFO - Successfully saved 1 daily data files for CSAN3.SA.
2025-07-25 15:18:44,115 - DownloadRunner - INFO - Processing CSED3.SA (49/184)
2025-07-25 15:18:44,748 - DownloadRunner - INFO - Identified 1 missing dates for CSED3.SA.
2025-07-25 15:18:44,928 - DownloadRunner - INFO - Successfully saved 1 daily data files for CSED3.SA.
2025-07-25 15:18:44,929 - DownloadRunner - INFO - Processing CSMG3.SA (50/184)
2025-07-25 15:18:45,562 - DownloadRunner - INFO - Identified 1 missing dates for CSMG3.SA.
2025-07-25 15:18:45,782 - DownloadRunner - INFO - Successfully saved 1 daily data files for CSMG3.SA.
2025-07-25 15:18:45,782 - DownloadRunner - INFO - Processing CSNA3.SA (51/184)
2025-07-25 15:18:46,384 - DownloadRunner - INFO - Identified 1 missing dates for CSNA3.SA.
2025-07-25 15:18:46,572 - DownloadRunner - INFO - Successfully saved 1 daily data files for CSNA3.SA.
2025-07-25 15:18:46,572 - DownloadRunner - INFO - Processing CURY3.SA (52/184)
2025-07-25 15:18:47,151 - DownloadRunner - INFO - Identified 1 missing dates for CURY3.SA.
2025-07-25 15:18:47,343 - DownloadRunner - INFO - Successfully saved 1 daily data files for CURY3.SA.
2025-07-25 15:18:47,344 - DownloadRunner - INFO - Processing CXSE3.SA (53/184)
2025-07-25 15:18:47,955 - DownloadRunner - INFO - Identified 1 missing dates for CXSE3.SA.
2025-07-25 15:18:48,144 - DownloadRunner - INFO - Successfully saved 1 daily data files for CXSE3.SA.
2025-07-25 15:18:48,144 - DownloadRunner - INFO - Processing CYRE3.SA (54/184)
2025-07-25 15:18:48,998 - DownloadRunner - INFO - Identified 1 missing dates for CYRE3.SA.
2025-07-25 15:18:49,196 - DownloadRunner - INFO - Successfully saved 1 daily data files for CYRE3.SA.
2025-07-25 15:18:49,196 - DownloadRunner - INFO - Processing DASA3.SA (55/184)
2025-07-25 15:18:49,828 - DownloadRunner - INFO - Identified 1 missing dates for DASA3.SA.
2025-07-25 15:18:50,021 - DownloadRunner - INFO - Successfully saved 1 daily data files for DASA3.SA.
2025-07-25 15:18:50,021 - DownloadRunner - INFO - Processing DESK3.SA (56/184)
2025-07-25 15:18:50,612 - DownloadRunner - INFO - Identified 1 missing dates for DESK3.SA.
2025-07-25 15:18:50,802 - DownloadRunner - INFO - Successfully saved 1 daily data files for DESK3.SA.
2025-07-25 15:18:50,803 - DownloadRunner - INFO - Processing DIRR3.SA (57/184)
2025-07-25 15:18:51,653 - DownloadRunner - INFO - Identified 1 missing dates for DIRR3.SA.
2025-07-25 15:18:51,844 - DownloadRunner - INFO - Successfully saved 1 daily data files for DIRR3.SA.
2025-07-25 15:18:51,844 - DownloadRunner - INFO - Processing DXCO3.SA (58/184)
2025-07-25 15:18:52,475 - DownloadRunner - INFO - Identified 1 missing dates for DXCO3.SA.
2025-07-25 15:18:52,674 - DownloadRunner - INFO - Successfully saved 1 daily data files for DXCO3.SA.
2025-07-25 15:18:52,674 - DownloadRunner - INFO - Processing ECOR3.SA (59/184)
2025-07-25 15:18:53,293 - DownloadRunner - INFO - Identified 1 missing dates for ECOR3.SA.
2025-07-25 15:18:53,499 - DownloadRunner - INFO - Successfully saved 1 daily data files for ECOR3.SA.
2025-07-25 15:18:53,499 - DownloadRunner - INFO - Processing EGIE3.SA (60/184)
2025-07-25 15:18:54,407 - DownloadRunner - INFO - Identified 1 missing dates for EGIE3.SA.
2025-07-25 15:18:54,627 - DownloadRunner - INFO - Successfully saved 1 daily data files for EGIE3.SA.
2025-07-25 15:18:54,627 - DownloadRunner - INFO - Processing ELET3.SA (61/184)
2025-07-25 15:18:55,501 - DownloadRunner - INFO - Identified 1 missing dates for ELET3.SA.
2025-07-25 15:18:55,696 - DownloadRunner - INFO - Successfully saved 1 daily data files for ELET3.SA.
2025-07-25 15:18:55,696 - DownloadRunner - INFO - Processing ELET6.SA (62/184)
2025-07-25 15:18:56,316 - DownloadRunner - INFO - Identified 1 missing dates for ELET6.SA.
2025-07-25 15:18:56,517 - DownloadRunner - INFO - Successfully saved 1 daily data files for ELET6.SA.
2025-07-25 15:18:56,517 - DownloadRunner - INFO - Processing EMBR3.SA (63/184)
2025-07-25 15:18:57,157 - DownloadRunner - INFO - Identified 1 missing dates for EMBR3.SA.
2025-07-25 15:18:57,349 - DownloadRunner - INFO - Successfully saved 1 daily data files for EMBR3.SA.
2025-07-25 15:18:57,349 - DownloadRunner - INFO - Processing ENEV3.SA (64/184)
2025-07-25 15:18:57,931 - DownloadRunner - INFO - Identified 1 missing dates for ENEV3.SA.
2025-07-25 15:18:58,098 - DownloadRunner - INFO - Successfully saved 1 daily data files for ENEV3.SA.
2025-07-25 15:18:58,098 - DownloadRunner - INFO - Processing ENGI11.SA (65/184)
2025-07-25 15:18:58,972 - DownloadRunner - INFO - Identified 1 missing dates for ENGI11.SA.
2025-07-25 15:18:59,391 - DownloadRunner - INFO - Successfully saved 1 daily data files for ENGI11.SA.
2025-07-25 15:18:59,392 - DownloadRunner - INFO - Processing ENJU3.SA (66/184)
2025-07-25 15:19:00,225 - DownloadRunner - INFO - Identified 1 missing dates for ENJU3.SA.
2025-07-25 15:19:00,399 - DownloadRunner - INFO - Successfully saved 1 daily data files for ENJU3.SA.
2025-07-25 15:19:00,399 - DownloadRunner - INFO - Processing EQTL3.SA (67/184)
2025-07-25 15:19:00,990 - DownloadRunner - INFO - Identified 1 missing dates for EQTL3.SA.
2025-07-25 15:19:01,232 - DownloadRunner - INFO - Successfully saved 1 daily data files for EQTL3.SA.
2025-07-25 15:19:01,232 - DownloadRunner - INFO - Processing EVEN3.SA (68/184)
2025-07-25 15:19:01,836 - DownloadRunner - INFO - Identified 1 missing dates for EVEN3.SA.
2025-07-25 15:19:02,035 - DownloadRunner - INFO - Successfully saved 1 daily data files for EVEN3.SA.
2025-07-25 15:19:02,036 - DownloadRunner - INFO - Processing EZTC3.SA (69/184)
2025-07-25 15:19:02,885 - DownloadRunner - INFO - Identified 1 missing dates for EZTC3.SA.
2025-07-25 15:19:03,091 - DownloadRunner - INFO - Successfully saved 1 daily data files for EZTC3.SA.
2025-07-25 15:19:03,091 - DownloadRunner - INFO - Processing FESA4.SA (70/184)
2025-07-25 15:19:03,692 - DownloadRunner - INFO - Identified 1 missing dates for FESA4.SA.
2025-07-25 15:19:03,901 - DownloadRunner - INFO - Successfully saved 1 daily data files for FESA4.SA.
2025-07-25 15:19:03,901 - DownloadRunner - INFO - Processing FIQE3.SA (71/184)
2025-07-25 15:19:04,503 - DownloadRunner - INFO - Identified 1 missing dates for FIQE3.SA.
2025-07-25 15:19:04,679 - DownloadRunner - INFO - Successfully saved 1 daily data files for FIQE3.SA.
2025-07-25 15:19:04,680 - DownloadRunner - INFO - Processing FLRY3.SA (72/184)
2025-07-25 15:19:05,287 - DownloadRunner - INFO - Identified 1 missing dates for FLRY3.SA.
2025-07-25 15:19:05,487 - DownloadRunner - INFO - Successfully saved 1 daily data files for FLRY3.SA.
2025-07-25 15:19:05,487 - DownloadRunner - INFO - Processing FRAS3.SA (73/184)
2025-07-25 15:19:06,312 - DownloadRunner - INFO - Identified 1 missing dates for FRAS3.SA.
2025-07-25 15:19:06,515 - DownloadRunner - INFO - Successfully saved 1 daily data files for FRAS3.SA.
2025-07-25 15:19:06,516 - DownloadRunner - INFO - Processing G2DI33.SA (74/184)
2025-07-25 15:19:07,134 - DownloadRunner - INFO - Identified 1 missing dates for G2DI33.SA.
2025-07-25 15:19:07,306 - DownloadRunner - INFO - Successfully saved 1 daily data files for G2DI33.SA.
2025-07-25 15:19:07,306 - DownloadRunner - INFO - Processing GFSA3.SA (75/184)
2025-07-25 15:19:07,912 - DownloadRunner - INFO - Identified 1 missing dates for GFSA3.SA.
2025-07-25 15:19:08,093 - DownloadRunner - INFO - Successfully saved 1 daily data files for GFSA3.SA.
2025-07-25 15:19:08,093 - DownloadRunner - INFO - Processing GGBR4.SA (76/184)
2025-07-25 15:19:08,687 - DownloadRunner - INFO - Identified 1 missing dates for GGBR4.SA.
2025-07-25 15:19:08,894 - DownloadRunner - INFO - Successfully saved 1 daily data files for GGBR4.SA.
2025-07-25 15:19:08,895 - DownloadRunner - INFO - Processing GMAT3.SA (77/184)
2025-07-25 15:19:09,745 - DownloadRunner - INFO - Identified 1 missing dates for GMAT3.SA.
2025-07-25 15:19:09,905 - DownloadRunner - INFO - Successfully saved 1 daily data files for GMAT3.SA.
2025-07-25 15:19:09,905 - DownloadRunner - INFO - Processing GNDI3.SA (78/184)
2025-07-25 15:19:10,731 - DownloadRunner - INFO - Identified 1 missing dates for GNDI3.SA.
$GNDI3.SA: possibly delisted; no timezone found
2025-07-25 15:19:11,451 - DownloadRunner - WARNING - yfinance returned no data for GNDI3.SA in the requested range.
2025-07-25 15:19:11,453 - DownloadRunner - WARNING - For GNDI3.SA, 1 dates failed to download. Adding to skip list.
2025-07-25 15:19:11,462 - DownloadRunner - INFO - Processing GOLL4.SA (79/184)
2025-07-25 15:19:12,025 - DownloadRunner - INFO - Identified 1 missing dates for GOLL4.SA.
2025-07-25 15:19:12,203 - DownloadRunner - INFO - Successfully saved 1 daily data files for GOLL4.SA.
2025-07-25 15:19:12,203 - DownloadRunner - INFO - Processing GUAR3.SA (80/184)
2025-07-25 15:19:12,822 - DownloadRunner - INFO - Identified 1 missing dates for GUAR3.SA.
2025-07-25 15:19:13,016 - DownloadRunner - INFO - Successfully saved 1 daily data files for GUAR3.SA.
2025-07-25 15:19:13,017 - DownloadRunner - INFO - Processing HAPV3.SA (81/184)
2025-07-25 15:19:13,595 - DownloadRunner - INFO - Identified 1 missing dates for HAPV3.SA.
2025-07-25 15:19:13,766 - DownloadRunner - INFO - Successfully saved 1 daily data files for HAPV3.SA.
2025-07-25 15:19:13,767 - DownloadRunner - INFO - Processing HBSA3.SA (82/184)
2025-07-25 15:19:14,363 - DownloadRunner - INFO - Identified 1 missing dates for HBSA3.SA.
2025-07-25 15:19:14,533 - DownloadRunner - INFO - Successfully saved 1 daily data files for HBSA3.SA.
2025-07-25 15:19:14,533 - DownloadRunner - INFO - Processing HYPE3.SA (83/184)
2025-07-25 15:19:15,137 - DownloadRunner - INFO - Identified 1 missing dates for HYPE3.SA.
2025-07-25 15:19:15,332 - DownloadRunner - INFO - Successfully saved 1 daily data files for HYPE3.SA.
2025-07-25 15:19:15,332 - DownloadRunner - INFO - Processing IGTA3.SA (84/184)
2025-07-25 15:19:15,938 - DownloadRunner - INFO - Identified 1 missing dates for IGTA3.SA.
$IGTA3.SA: possibly delisted; no timezone found
2025-07-25 15:19:16,549 - DownloadRunner - WARNING - yfinance returned no data for IGTA3.SA in the requested range.
2025-07-25 15:19:16,549 - DownloadRunner - WARNING - For IGTA3.SA, 1 dates failed to download. Adding to skip list.
2025-07-25 15:19:16,550 - DownloadRunner - INFO - Processing IGTI11.SA (85/184)
2025-07-25 15:19:17,132 - DownloadRunner - INFO - Identified 1 missing dates for IGTI11.SA.
2025-07-25 15:19:17,301 - DownloadRunner - INFO - Successfully saved 1 daily data files for IGTI11.SA.
2025-07-25 15:19:17,301 - DownloadRunner - INFO - Processing MEAL3.SA (86/184)
2025-07-25 15:19:17,877 - DownloadRunner - INFO - Identified 1 missing dates for MEAL3.SA.
2025-07-25 15:19:18,053 - DownloadRunner - INFO - Successfully saved 1 daily data files for MEAL3.SA.
2025-07-25 15:19:18,053 - DownloadRunner - INFO - Processing INTB3.SA (87/184)
2025-07-25 15:19:18,621 - DownloadRunner - INFO - Identified 1 missing dates for INTB3.SA.
2025-07-25 15:19:18,788 - DownloadRunner - INFO - Successfully saved 1 daily data files for INTB3.SA.
2025-07-25 15:19:18,789 - DownloadRunner - INFO - Processing RANI3.SA (88/184)
2025-07-25 15:19:19,383 - DownloadRunner - INFO - Identified 1 missing dates for RANI3.SA.
2025-07-25 15:19:19,575 - DownloadRunner - INFO - Successfully saved 1 daily data files for RANI3.SA.
2025-07-25 15:19:19,575 - DownloadRunner - INFO - Processing IRBR3.SA (89/184)
2025-07-25 15:19:20,149 - DownloadRunner - INFO - Identified 1 missing dates for IRBR3.SA.
2025-07-25 15:19:20,326 - DownloadRunner - INFO - Successfully saved 1 daily data files for IRBR3.SA.
2025-07-25 15:19:20,326 - DownloadRunner - INFO - Processing ISAE4.SA (90/184)
2025-07-25 15:19:20,915 - DownloadRunner - INFO - Identified 1 missing dates for ISAE4.SA.
2025-07-25 15:19:21,116 - DownloadRunner - INFO - Successfully saved 1 daily data files for ISAE4.SA.
2025-07-25 15:19:21,116 - DownloadRunner - INFO - Processing ITSA4.SA (91/184)
2025-07-25 15:19:21,729 - DownloadRunner - INFO - Identified 1 missing dates for ITSA4.SA.
2025-07-25 15:19:21,956 - DownloadRunner - INFO - Successfully saved 1 daily data files for ITSA4.SA.
2025-07-25 15:19:21,956 - DownloadRunner - INFO - Processing ITUB3.SA (92/184)
2025-07-25 15:19:22,580 - DownloadRunner - INFO - Identified 1 missing dates for ITUB3.SA.
2025-07-25 15:19:22,780 - DownloadRunner - INFO - Successfully saved 1 daily data files for ITUB3.SA.
2025-07-25 15:19:22,781 - DownloadRunner - INFO - Processing ITUB4.SA (93/184)
2025-07-25 15:19:23,455 - DownloadRunner - INFO - Identified 1 missing dates for ITUB4.SA.
2025-07-25 15:19:23,645 - DownloadRunner - INFO - Successfully saved 1 daily data files for ITUB4.SA.
2025-07-25 15:19:23,645 - DownloadRunner - INFO - Processing JALL3.SA (94/184)
2025-07-25 15:19:24,484 - DownloadRunner - INFO - Identified 1 missing dates for JALL3.SA.
2025-07-25 15:19:24,669 - DownloadRunner - INFO - Successfully saved 1 daily data files for JALL3.SA.
2025-07-25 15:19:24,669 - DownloadRunner - INFO - Processing JBSS3.SA (95/184)
2025-07-25 15:19:25,248 - DownloadRunner - INFO - Identified 1 missing dates for JBSS3.SA.
2025-07-25 15:19:25,457 - DownloadRunner - INFO - Successfully saved 1 daily data files for JBSS3.SA.
2025-07-25 15:19:25,458 - DownloadRunner - INFO - Processing JHSF3.SA (96/184)
2025-07-25 15:19:26,077 - DownloadRunner - INFO - Identified 1 missing dates for JHSF3.SA.
2025-07-25 15:19:26,264 - DownloadRunner - INFO - Successfully saved 1 daily data files for JHSF3.SA.
2025-07-25 15:19:26,264 - DownloadRunner - INFO - Processing JSLG3.SA (97/184)
2025-07-25 15:19:26,849 - DownloadRunner - INFO - Identified 1 missing dates for JSLG3.SA.
2025-07-25 15:19:27,027 - DownloadRunner - INFO - Successfully saved 1 daily data files for JSLG3.SA.
2025-07-25 15:19:27,027 - DownloadRunner - INFO - Processing KEPL3.SA (98/184)
2025-07-25 15:19:27,615 - DownloadRunner - INFO - Identified 1 missing dates for KEPL3.SA.
2025-07-25 15:19:27,800 - DownloadRunner - INFO - Successfully saved 1 daily data files for KEPL3.SA.
2025-07-25 15:19:27,800 - DownloadRunner - INFO - Processing KLBN11.SA (99/184)
2025-07-25 15:19:28,386 - DownloadRunner - INFO - Identified 1 missing dates for KLBN11.SA.
2025-07-25 15:19:28,581 - DownloadRunner - INFO - Successfully saved 1 daily data files for KLBN11.SA.
2025-07-25 15:19:28,581 - DownloadRunner - INFO - Processing KLBN4.SA (100/184)
2025-07-25 15:19:29,184 - DownloadRunner - INFO - Identified 1 missing dates for KLBN4.SA.
2025-07-25 15:19:29,367 - DownloadRunner - INFO - Successfully saved 1 daily data files for KLBN4.SA.
2025-07-25 15:19:29,367 - DownloadRunner - INFO - Processing LAME4.SA (101/184)
2025-07-25 15:19:29,942 - DownloadRunner - INFO - Identified 1 missing dates for LAME4.SA.
$LAME4.SA: possibly delisted; no timezone found
2025-07-25 15:19:30,418 - DownloadRunner - WARNING - yfinance returned no data for LAME4.SA in the requested range.
2025-07-25 15:19:30,419 - DownloadRunner - WARNING - For LAME4.SA, 1 dates failed to download. Adding to skip list.
2025-07-25 15:19:30,421 - DownloadRunner - INFO - Processing LAVV3.SA (102/184)
2025-07-25 15:19:31,006 - DownloadRunner - INFO - Identified 1 missing dates for LAVV3.SA.
2025-07-25 15:19:31,183 - DownloadRunner - INFO - Successfully saved 1 daily data files for LAVV3.SA.
2025-07-25 15:19:31,184 - DownloadRunner - INFO - Processing LCAM3.SA (103/184)
2025-07-25 15:19:31,739 - DownloadRunner - INFO - Identified 1 missing dates for LCAM3.SA.
$LCAM3.SA: possibly delisted; no timezone found
2025-07-25 15:19:32,211 - DownloadRunner - WARNING - yfinance returned no data for LCAM3.SA in the requested range.
2025-07-25 15:19:32,213 - DownloadRunner - WARNING - For LCAM3.SA, 1 dates failed to download. Adding to skip list.
2025-07-25 15:19:32,215 - DownloadRunner - INFO - Processing LJQQ3.SA (104/184)
2025-07-25 15:19:33,138 - DownloadRunner - INFO - Identified 1 missing dates for LJQQ3.SA.
2025-07-25 15:19:33,337 - DownloadRunner - INFO - Successfully saved 1 daily data files for LJQQ3.SA.
2025-07-25 15:19:33,338 - DownloadRunner - INFO - Processing LOGG3.SA (105/184)
2025-07-25 15:19:33,955 - DownloadRunner - INFO - Identified 1 missing dates for LOGG3.SA.
2025-07-25 15:19:34,135 - DownloadRunner - INFO - Successfully saved 1 daily data files for LOGG3.SA.
2025-07-25 15:19:34,135 - DownloadRunner - INFO - Processing LREN3.SA (106/184)
2025-07-25 15:19:34,733 - DownloadRunner - INFO - Identified 1 missing dates for LREN3.SA.
2025-07-25 15:19:34,928 - DownloadRunner - INFO - Successfully saved 1 daily data files for LREN3.SA.
2025-07-25 15:19:34,928 - DownloadRunner - INFO - Processing LWSA3.SA (107/184)
2025-07-25 15:19:35,509 - DownloadRunner - INFO - Identified 1 missing dates for LWSA3.SA.
2025-07-25 15:19:35,676 - DownloadRunner - INFO - Successfully saved 1 daily data files for LWSA3.SA.
2025-07-25 15:19:35,676 - DownloadRunner - INFO - Processing MATD3.SA (108/184)
2025-07-25 15:19:36,744 - DownloadRunner - INFO - Identified 1 missing dates for MATD3.SA.
2025-07-25 15:19:37,107 - DownloadRunner - INFO - Successfully saved 1 daily data files for MATD3.SA.
2025-07-25 15:19:37,107 - DownloadRunner - INFO - Processing MDIA3.SA (109/184)
2025-07-25 15:19:37,711 - DownloadRunner - INFO - Identified 1 missing dates for MDIA3.SA.
2025-07-25 15:19:37,946 - DownloadRunner - INFO - Successfully saved 1 daily data files for MDIA3.SA.
2025-07-25 15:19:37,946 - DownloadRunner - INFO - Processing MDNE3.SA (110/184)
2025-07-25 15:19:38,525 - DownloadRunner - INFO - Identified 1 missing dates for MDNE3.SA.
2025-07-25 15:19:38,695 - DownloadRunner - INFO - Successfully saved 1 daily data files for MDNE3.SA.
2025-07-25 15:19:38,695 - DownloadRunner - INFO - Processing MEAL3.SA (111/184)
2025-07-25 15:19:39,217 - DownloadRunner - INFO - Processing MEGA3.SA (112/184)
2025-07-25 15:19:39,815 - DownloadRunner - INFO - Identified 1 missing dates for MEGA3.SA.
$MEGA3.SA: possibly delisted; no timezone found
2025-07-25 15:19:40,288 - DownloadRunner - WARNING - yfinance returned no data for MEGA3.SA in the requested range.
2025-07-25 15:19:40,288 - DownloadRunner - WARNING - For MEGA3.SA, 1 dates failed to download. Adding to skip list.
2025-07-25 15:19:40,289 - DownloadRunner - INFO - Processing MELK3.SA (113/184)
2025-07-25 15:19:40,923 - DownloadRunner - INFO - Identified 1 missing dates for MELK3.SA.
2025-07-25 15:19:41,089 - DownloadRunner - INFO - Successfully saved 1 daily data files for MELK3.SA.
2025-07-25 15:19:41,089 - DownloadRunner - INFO - Processing MGLU3.SA (114/184)
2025-07-25 15:19:41,985 - DownloadRunner - INFO - Identified 1 missing dates for MGLU3.SA.
2025-07-25 15:19:42,173 - DownloadRunner - INFO - Successfully saved 1 daily data files for MGLU3.SA.
2025-07-25 15:19:42,173 - DownloadRunner - INFO - Processing MILS3.SA (115/184)
2025-07-25 15:19:42,763 - DownloadRunner - INFO - Identified 1 missing dates for MILS3.SA.
2025-07-25 15:19:42,959 - DownloadRunner - INFO - Successfully saved 1 daily data files for MILS3.SA.
2025-07-25 15:19:42,959 - DownloadRunner - INFO - Processing MOTV3.SA (116/184)
2025-07-25 15:19:43,541 - DownloadRunner - INFO - Identified 1 missing dates for MOTV3.SA.
2025-07-25 15:19:43,707 - DownloadRunner - INFO - Successfully saved 1 daily data files for MOTV3.SA.
2025-07-25 15:19:43,707 - DownloadRunner - INFO - Processing MOVI3.SA (117/184)
2025-07-25 15:19:44,587 - DownloadRunner - INFO - Identified 1 missing dates for MOVI3.SA.
2025-07-25 15:19:44,766 - DownloadRunner - INFO - Successfully saved 1 daily data files for MOVI3.SA.
2025-07-25 15:19:44,766 - DownloadRunner - INFO - Processing MRFG3.SA (118/184)
2025-07-25 15:19:45,454 - DownloadRunner - INFO - Identified 1 missing dates for MRFG3.SA.
2025-07-25 15:19:45,647 - DownloadRunner - INFO - Successfully saved 1 daily data files for MRFG3.SA.
2025-07-25 15:19:45,647 - DownloadRunner - INFO - Processing MRVE3.SA (119/184)
2025-07-25 15:19:46,484 - DownloadRunner - INFO - Identified 1 missing dates for MRVE3.SA.
2025-07-25 15:19:46,663 - DownloadRunner - INFO - Successfully saved 1 daily data files for MRVE3.SA.
2025-07-25 15:19:46,663 - DownloadRunner - INFO - Processing MTRE3.SA (120/184)
2025-07-25 15:19:47,261 - DownloadRunner - INFO - Identified 1 missing dates for MTRE3.SA.
2025-07-25 15:19:47,438 - DownloadRunner - INFO - Successfully saved 1 daily data files for MTRE3.SA.
2025-07-25 15:19:47,438 - DownloadRunner - INFO - Processing MULT3.SA (121/184)
2025-07-25 15:19:48,033 - DownloadRunner - INFO - Identified 1 missing dates for MULT3.SA.
2025-07-25 15:19:48,223 - DownloadRunner - INFO - Successfully saved 1 daily data files for MULT3.SA.
2025-07-25 15:19:48,223 - DownloadRunner - INFO - Processing MYPK3.SA (122/184)
2025-07-25 15:19:48,825 - DownloadRunner - INFO - Identified 1 missing dates for MYPK3.SA.
2025-07-25 15:19:49,061 - DownloadRunner - INFO - Successfully saved 1 daily data files for MYPK3.SA.
2025-07-25 15:19:49,061 - DownloadRunner - INFO - Processing NEOE3.SA (123/184)
2025-07-25 15:19:49,897 - DownloadRunner - INFO - Identified 1 missing dates for NEOE3.SA.
2025-07-25 15:19:50,067 - DownloadRunner - INFO - Successfully saved 1 daily data files for NEOE3.SA.
2025-07-25 15:19:50,067 - DownloadRunner - INFO - Processing NTCO3.SA (124/184)
2025-07-25 15:19:50,689 - DownloadRunner - INFO - Identified 1 missing dates for NTCO3.SA.
2025-07-25 15:19:50,869 - DownloadRunner - INFO - Successfully saved 1 daily data files for NTCO3.SA.
2025-07-25 15:19:50,869 - DownloadRunner - INFO - Processing ODPV3.SA (125/184)
2025-07-25 15:19:51,450 - DownloadRunner - INFO - Identified 1 missing dates for ODPV3.SA.
2025-07-25 15:19:51,935 - DownloadRunner - INFO - Successfully saved 1 daily data files for ODPV3.SA.
2025-07-25 15:19:51,935 - DownloadRunner - INFO - Processing ONCO3.SA (126/184)
2025-07-25 15:19:52,557 - DownloadRunner - INFO - Identified 1 missing dates for ONCO3.SA.
2025-07-25 15:19:52,727 - DownloadRunner - INFO - Successfully saved 1 daily data files for ONCO3.SA.
2025-07-25 15:19:52,728 - DownloadRunner - INFO - Processing OPCT3.SA (127/184)
2025-07-25 15:19:53,677 - DownloadRunner - INFO - Identified 1 missing dates for OPCT3.SA.
2025-07-25 15:19:53,847 - DownloadRunner - INFO - Successfully saved 1 daily data files for OPCT3.SA.
2025-07-25 15:19:53,847 - DownloadRunner - INFO - Processing ORVR3.SA (128/184)
2025-07-25 15:19:54,454 - DownloadRunner - INFO - Identified 1 missing dates for ORVR3.SA.
2025-07-25 15:19:54,650 - DownloadRunner - INFO - Successfully saved 1 daily data files for ORVR3.SA.
2025-07-25 15:19:54,650 - DownloadRunner - INFO - Processing PARD3.SA (129/184)
2025-07-25 15:19:55,237 - DownloadRunner - INFO - Identified 1 missing dates for PARD3.SA.
$PARD3.SA: possibly delisted; no timezone found
2025-07-25 15:19:55,708 - DownloadRunner - WARNING - yfinance returned no data for PARD3.SA in the requested range.
2025-07-25 15:19:55,709 - DownloadRunner - WARNING - For PARD3.SA, 1 dates failed to download. Adding to skip list.
2025-07-25 15:19:55,710 - DownloadRunner - INFO - Processing PCAR3.SA (130/184)
2025-07-25 15:19:56,311 - DownloadRunner - INFO - Identified 1 missing dates for PCAR3.SA.
2025-07-25 15:19:56,503 - DownloadRunner - INFO - Successfully saved 1 daily data files for PCAR3.SA.
2025-07-25 15:19:56,504 - DownloadRunner - INFO - Processing PETR3.SA (131/184)
2025-07-25 15:19:57,093 - DownloadRunner - INFO - Identified 1 missing dates for PETR3.SA.
2025-07-25 15:19:57,282 - DownloadRunner - INFO - Successfully saved 1 daily data files for PETR3.SA.
2025-07-25 15:19:57,282 - DownloadRunner - INFO - Processing PETR4.SA (132/184)
2025-07-25 15:19:57,870 - DownloadRunner - INFO - Identified 1 missing dates for PETR4.SA.
2025-07-25 15:19:58,077 - DownloadRunner - INFO - Successfully saved 1 daily data files for PETR4.SA.
2025-07-25 15:19:58,077 - DownloadRunner - INFO - Processing PETZ3.SA (133/184)
2025-07-25 15:19:58,650 - DownloadRunner - INFO - Identified 1 missing dates for PETZ3.SA.
2025-07-25 15:19:58,826 - DownloadRunner - INFO - Successfully saved 1 daily data files for PETZ3.SA.
2025-07-25 15:19:58,826 - DownloadRunner - INFO - Processing PGMN3.SA (134/184)
2025-07-25 15:19:59,427 - DownloadRunner - INFO - Identified 1 missing dates for PGMN3.SA.
2025-07-25 15:19:59,630 - DownloadRunner - INFO - Successfully saved 1 daily data files for PGMN3.SA.
2025-07-25 15:19:59,630 - DownloadRunner - INFO - Processing PLPL3.SA (135/184)
2025-07-25 15:20:00,230 - DownloadRunner - INFO - Identified 1 missing dates for PLPL3.SA.
2025-07-25 15:20:00,404 - DownloadRunner - INFO - Successfully saved 1 daily data files for PLPL3.SA.
2025-07-25 15:20:00,404 - DownloadRunner - INFO - Processing PNVL3.SA (136/184)
2025-07-25 15:20:01,051 - DownloadRunner - INFO - Identified 1 missing dates for PNVL3.SA.
2025-07-25 15:20:01,240 - DownloadRunner - INFO - Successfully saved 1 daily data files for PNVL3.SA.
2025-07-25 15:20:01,240 - DownloadRunner - INFO - Processing PORT3.SA (137/184)
2025-07-25 15:20:01,839 - DownloadRunner - INFO - Identified 1 missing dates for PORT3.SA.
2025-07-25 15:20:02,005 - DownloadRunner - INFO - Successfully saved 1 daily data files for PORT3.SA.
2025-07-25 15:20:02,005 - DownloadRunner - INFO - Processing POSI3.SA (138/184)
2025-07-25 15:20:02,609 - DownloadRunner - INFO - Identified 1 missing dates for POSI3.SA.
2025-07-25 15:20:02,797 - DownloadRunner - INFO - Successfully saved 1 daily data files for POSI3.SA.
2025-07-25 15:20:02,797 - DownloadRunner - INFO - Processing PRIO3.SA (139/184)
2025-07-25 15:20:03,379 - DownloadRunner - INFO - Identified 1 missing dates for PRIO3.SA.
2025-07-25 15:20:03,547 - DownloadRunner - INFO - Successfully saved 1 daily data files for PRIO3.SA.
2025-07-25 15:20:03,547 - DownloadRunner - INFO - Processing PRNR3.SA (140/184)
2025-07-25 15:20:04,398 - DownloadRunner - INFO - Identified 1 missing dates for PRNR3.SA.
2025-07-25 15:20:04,584 - DownloadRunner - INFO - Successfully saved 1 daily data files for PRNR3.SA.
2025-07-25 15:20:04,584 - DownloadRunner - INFO - Processing PSSA3.SA (141/184)
2025-07-25 15:20:05,166 - DownloadRunner - INFO - Identified 1 missing dates for PSSA3.SA.
2025-07-25 15:20:05,393 - DownloadRunner - INFO - Successfully saved 1 daily data files for PSSA3.SA.
2025-07-25 15:20:05,393 - DownloadRunner - INFO - Processing RADL3.SA (142/184)
2025-07-25 15:20:06,270 - DownloadRunner - INFO - Identified 1 missing dates for RADL3.SA.
2025-07-25 15:20:06,495 - DownloadRunner - INFO - Successfully saved 1 daily data files for RADL3.SA.
2025-07-25 15:20:06,495 - DownloadRunner - INFO - Processing RAIL3.SA (143/184)
2025-07-25 15:20:07,376 - DownloadRunner - INFO - Identified 1 missing dates for RAIL3.SA.
2025-07-25 15:20:07,556 - DownloadRunner - INFO - Successfully saved 1 daily data files for RAIL3.SA.
2025-07-25 15:20:07,556 - DownloadRunner - INFO - Processing RAIZ4.SA (144/184)
2025-07-25 15:20:08,117 - DownloadRunner - INFO - Identified 1 missing dates for RAIZ4.SA.
2025-07-25 15:20:08,294 - DownloadRunner - INFO - Successfully saved 1 daily data files for RAIZ4.SA.
2025-07-25 15:20:08,294 - DownloadRunner - INFO - Processing RANI3.SA (145/184)
2025-07-25 15:20:08,712 - DownloadRunner - INFO - Processing RAPT4.SA (146/184)
2025-07-25 15:20:09,307 - DownloadRunner - INFO - Identified 1 missing dates for RAPT4.SA.
2025-07-25 15:20:09,510 - DownloadRunner - INFO - Successfully saved 1 daily data files for RAPT4.SA.
2025-07-25 15:20:09,510 - DownloadRunner - INFO - Processing RDOR3.SA (147/184)
2025-07-25 15:20:10,082 - DownloadRunner - INFO - Identified 1 missing dates for RDOR3.SA.
2025-07-25 15:20:10,263 - DownloadRunner - INFO - Successfully saved 1 daily data files for RDOR3.SA.
2025-07-25 15:20:10,263 - DownloadRunner - INFO - Processing RECV3.SA (148/184)
2025-07-25 15:20:10,877 - DownloadRunner - INFO - Identified 1 missing dates for RECV3.SA.
2025-07-25 15:20:11,058 - DownloadRunner - INFO - Successfully saved 1 daily data files for RECV3.SA.
2025-07-25 15:20:11,058 - DownloadRunner - INFO - Processing RENT3.SA (149/184)
2025-07-25 15:20:11,682 - DownloadRunner - INFO - Identified 1 missing dates for RENT3.SA.
2025-07-25 15:20:11,879 - DownloadRunner - INFO - Successfully saved 1 daily data files for RENT3.SA.
2025-07-25 15:20:11,880 - DownloadRunner - INFO - Processing RRRP3.SA (150/184)
2025-07-25 15:20:12,477 - DownloadRunner - INFO - Identified 1 missing dates for RRRP3.SA.
$RRRP3.SA: possibly delisted; no timezone found
2025-07-25 15:20:12,975 - DownloadRunner - WARNING - yfinance returned no data for RRRP3.SA in the requested range.
2025-07-25 15:20:12,976 - DownloadRunner - WARNING - For RRRP3.SA, 1 dates failed to download. Adding to skip list.
2025-07-25 15:20:12,978 - DownloadRunner - INFO - Processing SANB11.SA (151/184)
2025-07-25 15:20:14,059 - DownloadRunner - INFO - Identified 1 missing dates for SANB11.SA.
2025-07-25 15:20:14,261 - DownloadRunner - INFO - Successfully saved 1 daily data files for SANB11.SA.
2025-07-25 15:20:14,262 - DownloadRunner - INFO - Processing SAPR11.SA (152/184)
2025-07-25 15:20:14,862 - DownloadRunner - INFO - Identified 1 missing dates for SAPR11.SA.
2025-07-25 15:20:15,037 - DownloadRunner - INFO - Successfully saved 1 daily data files for SAPR11.SA.
2025-07-25 15:20:15,037 - DownloadRunner - INFO - Processing SBFG3.SA (153/184)
2025-07-25 15:20:15,622 - DownloadRunner - INFO - Identified 1 missing dates for SBFG3.SA.
2025-07-25 15:20:15,794 - DownloadRunner - INFO - Successfully saved 1 daily data files for SBFG3.SA.
2025-07-25 15:20:15,794 - DownloadRunner - INFO - Processing SBSP3.SA (154/184)
2025-07-25 15:20:16,408 - DownloadRunner - INFO - Identified 1 missing dates for SBSP3.SA.
2025-07-25 15:20:16,603 - DownloadRunner - INFO - Successfully saved 1 daily data files for SBSP3.SA.
2025-07-25 15:20:16,603 - DownloadRunner - INFO - Processing SEER3.SA (155/184)
2025-07-25 15:20:17,441 - DownloadRunner - INFO - Identified 1 missing dates for SEER3.SA.
2025-07-25 15:20:17,649 - DownloadRunner - INFO - Successfully saved 1 daily data files for SEER3.SA.
2025-07-25 15:20:17,649 - DownloadRunner - INFO - Processing SIMH3.SA (156/184)
2025-07-25 15:20:18,255 - DownloadRunner - INFO - Identified 1 missing dates for SIMH3.SA.
2025-07-25 15:20:18,459 - DownloadRunner - INFO - Successfully saved 1 daily data files for SIMH3.SA.
2025-07-25 15:20:18,459 - DownloadRunner - INFO - Processing SLCE3.SA (157/184)
2025-07-25 15:20:19,075 - DownloadRunner - INFO - Identified 1 missing dates for SLCE3.SA.
2025-07-25 15:20:19,267 - DownloadRunner - INFO - Successfully saved 1 daily data files for SLCE3.SA.
2025-07-25 15:20:19,267 - DownloadRunner - INFO - Processing SMFT3.SA (158/184)
2025-07-25 15:20:19,886 - DownloadRunner - INFO - Identified 1 missing dates for SMFT3.SA.
2025-07-25 15:20:20,068 - DownloadRunner - INFO - Successfully saved 1 daily data files for SMFT3.SA.
2025-07-25 15:20:20,069 - DownloadRunner - INFO - Processing SMTO3.SA (159/184)
2025-07-25 15:20:20,681 - DownloadRunner - INFO - Identified 1 missing dates for SMTO3.SA.
2025-07-25 15:20:20,872 - DownloadRunner - INFO - Successfully saved 1 daily data files for SMTO3.SA.
2025-07-25 15:20:20,872 - DownloadRunner - INFO - Processing SOJA3.SA (160/184)
2025-07-25 15:20:21,536 - DownloadRunner - INFO - Identified 1 missing dates for SOJA3.SA.
2025-07-25 15:20:21,940 - DownloadRunner - INFO - Successfully saved 1 daily data files for SOJA3.SA.
2025-07-25 15:20:21,940 - DownloadRunner - INFO - Processing SOMA3.SA (161/184)
2025-07-25 15:20:23,023 - DownloadRunner - INFO - Identified 1 missing dates for SOMA3.SA.
$SOMA3.SA: possibly delisted; no timezone found
2025-07-25 15:20:23,480 - DownloadRunner - WARNING - yfinance returned no data for SOMA3.SA in the requested range.
2025-07-25 15:20:23,480 - DownloadRunner - WARNING - For SOMA3.SA, 1 dates failed to download. Adding to skip list.
2025-07-25 15:20:23,482 - DownloadRunner - INFO - Processing SRNA3.SA (162/184)
2025-07-25 15:20:24,136 - DownloadRunner - INFO - Identified 1 missing dates for SRNA3.SA.
2025-07-25 15:20:24,316 - DownloadRunner - INFO - Successfully saved 1 daily data files for SRNA3.SA.
2025-07-25 15:20:24,316 - DownloadRunner - INFO - Processing STBP3.SA (163/184)
2025-07-25 15:20:24,960 - DownloadRunner - INFO - Identified 1 missing dates for STBP3.SA.
2025-07-25 15:20:25,148 - DownloadRunner - INFO - Successfully saved 1 daily data files for STBP3.SA.
2025-07-25 15:20:25,148 - DownloadRunner - INFO - Processing SUZB3.SA (164/184)
2025-07-25 15:20:25,755 - DownloadRunner - INFO - Identified 1 missing dates for SUZB3.SA.
2025-07-25 15:20:25,940 - DownloadRunner - INFO - Successfully saved 1 daily data files for SUZB3.SA.
2025-07-25 15:20:25,940 - DownloadRunner - INFO - Processing TEND3.SA (165/184)
2025-07-25 15:20:26,564 - DownloadRunner - INFO - Identified 1 missing dates for TEND3.SA.
2025-07-25 15:20:26,739 - DownloadRunner - INFO - Successfully saved 1 daily data files for TEND3.SA.
2025-07-25 15:20:26,740 - DownloadRunner - INFO - Processing TFCO4.SA (166/184)
2025-07-25 15:20:27,376 - DownloadRunner - INFO - Identified 1 missing dates for TFCO4.SA.
2025-07-25 15:20:27,554 - DownloadRunner - INFO - Successfully saved 1 daily data files for TFCO4.SA.
2025-07-25 15:20:27,555 - DownloadRunner - INFO - Processing TIMS3.SA (167/184)
2025-07-25 15:20:28,122 - DownloadRunner - INFO - Identified 1 missing dates for TIMS3.SA.
2025-07-25 15:20:28,309 - DownloadRunner - INFO - Successfully saved 1 daily data files for TIMS3.SA.
2025-07-25 15:20:28,309 - DownloadRunner - INFO - Processing TOTS3.SA (168/184)
2025-07-25 15:20:28,941 - DownloadRunner - INFO - Identified 1 missing dates for TOTS3.SA.
2025-07-25 15:20:29,137 - DownloadRunner - INFO - Successfully saved 1 daily data files for TOTS3.SA.
2025-07-25 15:20:29,138 - DownloadRunner - INFO - Processing TRIS3.SA (169/184)
2025-07-25 15:20:29,766 - DownloadRunner - INFO - Identified 1 missing dates for TRIS3.SA.
2025-07-25 15:20:29,953 - DownloadRunner - INFO - Successfully saved 1 daily data files for TRIS3.SA.
2025-07-25 15:20:29,954 - DownloadRunner - INFO - Processing TTEN3.SA (170/184)
2025-07-25 15:20:30,538 - DownloadRunner - INFO - Identified 1 missing dates for TTEN3.SA.
2025-07-25 15:20:30,717 - DownloadRunner - INFO - Successfully saved 1 daily data files for TTEN3.SA.
2025-07-25 15:20:30,717 - DownloadRunner - INFO - Processing TUPY3.SA (171/184)
2025-07-25 15:20:31,348 - DownloadRunner - INFO - Identified 1 missing dates for TUPY3.SA.
2025-07-25 15:20:31,540 - DownloadRunner - INFO - Successfully saved 1 daily data files for TUPY3.SA.
2025-07-25 15:20:31,540 - DownloadRunner - INFO - Processing UGPA3.SA (172/184)
2025-07-25 15:20:32,114 - DownloadRunner - INFO - Identified 1 missing dates for UGPA3.SA.
2025-07-25 15:20:32,308 - DownloadRunner - INFO - Successfully saved 1 daily data files for UGPA3.SA.
2025-07-25 15:20:32,308 - DownloadRunner - INFO - Processing VALE3.SA (173/184)
2025-07-25 15:20:32,946 - DownloadRunner - INFO - Identified 1 missing dates for VALE3.SA.
2025-07-25 15:20:33,126 - DownloadRunner - INFO - Successfully saved 1 daily data files for VALE3.SA.
2025-07-25 15:20:33,127 - DownloadRunner - INFO - Processing VAMO3.SA (174/184)
2025-07-25 15:20:33,700 - DownloadRunner - INFO - Identified 1 missing dates for VAMO3.SA.
2025-07-25 15:20:33,875 - DownloadRunner - INFO - Successfully saved 1 daily data files for VAMO3.SA.
2025-07-25 15:20:33,875 - DownloadRunner - INFO - Processing VBBR3.SA (175/184)
2025-07-25 15:20:34,489 - DownloadRunner - INFO - Identified 1 missing dates for VBBR3.SA.
2025-07-25 15:20:34,666 - DownloadRunner - INFO - Successfully saved 1 daily data files for VBBR3.SA.
2025-07-25 15:20:34,666 - DownloadRunner - INFO - Processing VITT3.SA (176/184)
2025-07-25 15:20:35,265 - DownloadRunner - INFO - Identified 1 missing dates for VITT3.SA.
2025-07-25 15:20:35,437 - DownloadRunner - INFO - Successfully saved 1 daily data files for VITT3.SA.
2025-07-25 15:20:35,437 - DownloadRunner - INFO - Processing VIVA3.SA (177/184)
2025-07-25 15:20:36,028 - DownloadRunner - INFO - Identified 1 missing dates for VIVA3.SA.
2025-07-25 15:20:36,204 - DownloadRunner - INFO - Successfully saved 1 daily data files for VIVA3.SA.
2025-07-25 15:20:36,204 - DownloadRunner - INFO - Processing VIVT3.SA (178/184)
2025-07-25 15:20:36,802 - DownloadRunner - INFO - Identified 1 missing dates for VIVT3.SA.
2025-07-25 15:20:36,993 - DownloadRunner - INFO - Successfully saved 1 daily data files for VIVT3.SA.
2025-07-25 15:20:36,993 - DownloadRunner - INFO - Processing VLID3.SA (179/184)
2025-07-25 15:20:37,599 - DownloadRunner - INFO - Identified 1 missing dates for VLID3.SA.
2025-07-25 15:20:37,809 - DownloadRunner - INFO - Successfully saved 1 daily data files for VLID3.SA.
2025-07-25 15:20:37,810 - DownloadRunner - INFO - Processing VULC3.SA (180/184)
2025-07-25 15:20:38,400 - DownloadRunner - INFO - Identified 1 missing dates for VULC3.SA.
2025-07-25 15:20:38,606 - DownloadRunner - INFO - Successfully saved 1 daily data files for VULC3.SA.
2025-07-25 15:20:38,606 - DownloadRunner - INFO - Processing VVAR3.SA (181/184)
2025-07-25 15:20:39,170 - DownloadRunner - INFO - Identified 1 missing dates for VVAR3.SA.
$VVAR3.SA: possibly delisted; no timezone found
2025-07-25 15:20:39,634 - DownloadRunner - WARNING - yfinance returned no data for VVAR3.SA in the requested range.
2025-07-25 15:20:39,636 - DownloadRunner - WARNING - For VVAR3.SA, 1 dates failed to download. Adding to skip list.
2025-07-25 15:20:39,637 - DownloadRunner - INFO - Processing VVEO3.SA (182/184)
2025-07-25 15:20:40,230 - DownloadRunner - INFO - Identified 1 missing dates for VVEO3.SA.
2025-07-25 15:20:40,413 - DownloadRunner - INFO - Successfully saved 1 daily data files for VVEO3.SA.
2025-07-25 15:20:40,413 - DownloadRunner - INFO - Processing WEGE3.SA (183/184)
2025-07-25 15:20:41,019 - DownloadRunner - INFO - Identified 1 missing dates for WEGE3.SA.
2025-07-25 15:20:41,214 - DownloadRunner - INFO - Successfully saved 1 daily data files for WEGE3.SA.
2025-07-25 15:20:41,214 - DownloadRunner - INFO - Processing YDUQ3.SA (184/184)
2025-07-25 15:20:41,809 - DownloadRunner - INFO - Identified 1 missing dates for YDUQ3.SA.
2025-07-25 15:20:42,327 - DownloadRunner - INFO - Successfully saved 1 daily data files for YDUQ3.SA.
2025-07-25 15:20:42,327 - DownloadRunner - INFO - --- Finished Data Download Loop ---
2025-07-25 15:20:42,327 - DownloadRunner - INFO - Pipeline finished. Downloaded 162 new price rows for 162 tickers.
2025-07-25 15:20:42,328 - DownloadRunner - INFO - Saving financial data for 153 tickers.
2025-07-25 15:20:42,344 - DownloadRunner - INFO - Successfully saved financial data to /Users/gabrielcampos/PortfolioESG/data/findb/financials_db.csv. Total records: 454.
2025-07-25 15:20:42,390 - DownloadRunner - INFO - Successfully saved updated yfinance skip data to /Users/gabrielcampos/PortfolioESG/data/findb/yfinance_skip.json
2025-07-25 15:20:42,390 - DownloadRunner - INFO - Starting master database synchronization scan...
2025-07-25 15:20:42,921 - DownloadRunner - INFO - Loaded 370481 records from existing master database.
2025-07-25 15:20:42,921 - DownloadRunner - INFO - Scanning '/Users/gabrielcampos/PortfolioESG/data/findata/' for new daily data files...
2025-07-25 15:20:46,527 - DownloadRunner - INFO - Found 162 new daily files to add to the master database.
2025-07-25 15:20:49,211 - DownloadRunner - INFO - Successfully synchronized master database. Added 162 new records. Total records now: 370643. Took 6.82s.
2025-07-25 15:20:49,244 - DownloadRunner - INFO - Script finished successfully in 166.35 seconds.
2025-07-25 15:20:49,245 - DownloadRunner - INFO - Successfully logged performance data to: /Users/gabrielcampos/PortfolioESG/data/Results/download_performance.csv
2025-07-25 15:20:49,246 - DownloadRunner - INFO - Successfully copied 'download_performance.csv' to web-accessible location: /Users/gabrielcampos/PortfolioESG/html/data/download_performance.csv
2025-07-25 15:20:49,246 - DownloadRunner - INFO - Execution complete.
2025-07-25 15:20:49 - --- Stage 'Data Download' completed successfully in 00:02:48. ---
2025-07-25 15:20:49 - --- Starting Stage: Stock Scoring ---
/Users/gabrielcampos/PortfolioESG/.venv/bin/python: No module named engines.Scoring
2025-07-25 15:20:49 - --- ERROR: Stage 'Stock Scoring' FAILED after 00:00:00. ---
2025-07-25 15:20:49 - ========================================================
2025-07-25 15:20:49 - Portfolio Pipeline FAILED.
2025-07-25 15:20:49 - Total pipeline duration: 00:02:48
2025-07-25 15:20:49 - ========================================================
2025-07-25 15:27:20 - Using jq from: /usr/bin/jq
2025-07-25 15:27:20 - ========================================================
2025-07-25 15:27:20 - Portfolio Pipeline Started (Version: 2.5)
2025-07-25 15:27:20 - Project Directory: /Users/gabrielcampos/PortfolioESG
2025-07-25 15:27:20 - Using Python from: /Users/gabrielcampos/PortfolioESG/.venv/bin/python
2025-07-25 15:27:20 - --------------------------------------------------------
2025-07-25 15:27:20 - Initializing progress.json for new run...
2025-07-25 15:27:20 - progress.json initialized successfully.
2025-07-25 15:27:20 - --- Starting Stage: Data Download ---
2025-07-25 15:27:21,110 - DownloadRunner - INFO - Initializing Download stage.
2025-07-25 15:27:21,111 - DownloadRunner - INFO - Starting Download.py execution pipeline.
2025-07-25 15:27:21,120 - DownloadRunner - INFO - Successfully loaded 192 total entries from /Users/gabrielcampos/PortfolioESG/parameters/tickers.txt.
2025-07-25 15:27:21,120 - DownloadRunner - INFO - Filtered out 8 tickers marked with 'Error', leaving 184 valid tickers.
2025-07-25 15:27:21,120 - DownloadRunner - INFO - Starting main data download and processing pipeline.
2025-07-25 15:27:21,135 - DownloadRunner - INFO - Loaded yfinance skip data for 197 tickers.
2025-07-25 15:27:21,139 - DownloadRunner - INFO - Generated holiday calendar from 2014 to 2025.
2025-07-25 15:27:21,139 - DownloadRunner - INFO - --- Starting Data Download for 184 tickers ---
2025-07-25 15:27:21,139 - DownloadRunner - INFO - Processing AALR3.SA (1/184)
2025-07-25 15:27:22,372 - DownloadRunner - INFO - Processing ABCB4.SA (2/184)
2025-07-25 15:27:22,981 - DownloadRunner - INFO - Processing ABEV3.SA (3/184)
2025-07-25 15:27:23,582 - DownloadRunner - INFO - Processing AERI3.SA (4/184)
2025-07-25 15:27:24,179 - DownloadRunner - INFO - Processing AGRO3.SA (5/184)
2025-07-25 15:27:24,793 - DownloadRunner - INFO - Processing AGXY3.SA (6/184)
2025-07-25 15:27:25,380 - DownloadRunner - INFO - Processing ALOS3.SA (7/184)
2025-07-25 15:27:25,994 - DownloadRunner - INFO - Processing ALPA4.SA (8/184)
2025-07-25 15:27:26,628 - DownloadRunner - INFO - Processing ALUP11.SA (9/184)
2025-07-25 15:27:27,296 - DownloadRunner - INFO - Processing ALUP3.SA (10/184)
2025-07-25 15:27:27,888 - DownloadRunner - INFO - Processing AMBP3.SA (11/184)
2025-07-25 15:27:28,503 - DownloadRunner - INFO - Processing ANIM3.SA (12/184)
2025-07-25 15:27:29,161 - DownloadRunner - INFO - Processing ASAI3.SA (13/184)
2025-07-25 15:27:29,880 - DownloadRunner - INFO - Processing AURA33.SA (14/184)
2025-07-25 15:27:30,503 - DownloadRunner - INFO - Processing AURE3.SA (15/184)
2025-07-25 15:27:31,412 - DownloadRunner - INFO - Processing AZUL4.SA (16/184)
2025-07-25 15:27:31,986 - DownloadRunner - INFO - Processing AZZA3.SA (17/184)
2025-07-25 15:27:32,595 - DownloadRunner - INFO - Processing B3SA3.SA (18/184)
2025-07-25 15:27:33,096 - DownloadRunner - INFO - Ticker B3SA3.SA is marked for permanent skip. No missing dates will be calculated.
2025-07-25 15:27:33,097 - DownloadRunner - INFO - Processing BBAS3.SA (19/184)
2025-07-25 15:27:33,671 - DownloadRunner - INFO - Processing BBDC3.SA (20/184)
2025-07-25 15:27:34,871 - DownloadRunner - INFO - Processing BBDC4.SA (21/184)
2025-07-25 15:27:35,449 - DownloadRunner - INFO - Processing BBSE3.SA (22/184)
2025-07-25 15:27:35,974 - DownloadRunner - INFO - Ticker BBSE3.SA is marked for permanent skip. No missing dates will be calculated.
2025-07-25 15:27:35,974 - DownloadRunner - INFO - Processing BEEF3.SA (23/184)
2025-07-25 15:27:36,483 - DownloadRunner - INFO - Ticker BEEF3.SA is marked for permanent skip. No missing dates will be calculated.
2025-07-25 15:27:36,483 - DownloadRunner - INFO - Processing BEEF9.SA (24/184)
2025-07-25 15:27:37,002 - DownloadRunner - INFO - Ticker BEEF9.SA is marked for permanent skip. No missing dates will be calculated.
2025-07-25 15:27:37,003 - DownloadRunner - INFO - Processing BHIA3.SA (25/184)
2025-07-25 15:27:37,506 - DownloadRunner - INFO - Ticker BHIA3.SA is marked for permanent skip. No missing dates will be calculated.
2025-07-25 15:27:37,507 - DownloadRunner - INFO - Processing BKBR3.SA (26/184)
2025-07-25 15:27:37,993 - DownloadRunner - INFO - Ticker BKBR3.SA is marked for permanent skip. No missing dates will be calculated.
2025-07-25 15:27:37,993 - DownloadRunner - INFO - Processing BLAU3.SA (27/184)
2025-07-25 15:27:38,487 - DownloadRunner - INFO - Ticker BLAU3.SA is marked for permanent skip. No missing dates will be calculated.
2025-07-25 15:27:38,487 - DownloadRunner - INFO - Processing BMOB3.SA (28/184)
2025-07-25 15:27:39,104 - DownloadRunner - INFO - Processing BPAC11.SA (29/184)
2025-07-25 15:27:39,697 - DownloadRunner - INFO - Processing BPAN4.SA (30/184)
2025-07-25 15:27:40,588 - DownloadRunner - INFO - Processing BRIT3.SA (31/184)
2025-07-25 15:27:41,146 - DownloadRunner - INFO - Processing BRKM5.SA (32/184)
2025-07-25 15:27:41,743 - DownloadRunner - INFO - Processing BRML3.SA (33/184)
2025-07-25 15:27:42,286 - DownloadRunner - INFO - Processing BRSR6.SA (34/184)
2025-07-25 15:27:42,897 - DownloadRunner - INFO - Processing BTOW3.SA (35/184)
2025-07-25 15:27:43,487 - DownloadRunner - INFO - Processing CAML3.SA (36/184)
2025-07-25 15:27:44,054 - DownloadRunner - INFO - Processing CASH3.SA (37/184)
2025-07-25 15:27:44,954 - DownloadRunner - INFO - Processing CBAV3.SA (38/184)
2025-07-25 15:27:45,542 - DownloadRunner - INFO - Processing CCRO3.SA (39/184)
HTTP Error 404: 
2025-07-25 15:27:46,680 - DownloadRunner - WARNING - Ticker CCRO3.SA seems invalid or delisted. Marking to skip.
2025-07-25 15:27:46,680 - DownloadRunner - INFO - Processing CEAB3.SA (40/184)
2025-07-25 15:27:47,318 - DownloadRunner - INFO - Processing CMIG3.SA (41/184)
2025-07-25 15:27:47,915 - DownloadRunner - INFO - Processing CMIG4.SA (42/184)
2025-07-25 15:27:48,509 - DownloadRunner - INFO - Processing CMIN3.SA (43/184)
2025-07-25 15:27:49,319 - DownloadRunner - INFO - Processing COGN3.SA (44/184)
2025-07-25 15:27:49,907 - DownloadRunner - INFO - Processing CPFE3.SA (45/184)
2025-07-25 15:27:50,723 - DownloadRunner - INFO - Processing CPLE3.SA (46/184)
2025-07-25 15:27:51,328 - DownloadRunner - INFO - Processing CPLE6.SA (47/184)
2025-07-25 15:27:51,925 - DownloadRunner - INFO - Processing CSAN3.SA (48/184)
2025-07-25 15:27:52,494 - DownloadRunner - INFO - Processing CSED3.SA (49/184)
2025-07-25 15:27:53,073 - DownloadRunner - INFO - Processing CSMG3.SA (50/184)
2025-07-25 15:27:53,688 - DownloadRunner - INFO - Processing CSNA3.SA (51/184)
2025-07-25 15:27:54,302 - DownloadRunner - INFO - Processing CURY3.SA (52/184)
2025-07-25 15:27:54,877 - DownloadRunner - INFO - Processing CXSE3.SA (53/184)
2025-07-25 15:27:55,432 - DownloadRunner - INFO - Processing CYRE3.SA (54/184)
2025-07-25 15:27:56,032 - DownloadRunner - INFO - Processing DASA3.SA (55/184)
2025-07-25 15:27:56,871 - DownloadRunner - INFO - Processing DESK3.SA (56/184)
2025-07-25 15:27:57,775 - DownloadRunner - INFO - Processing DIRR3.SA (57/184)
2025-07-25 15:27:58,398 - DownloadRunner - INFO - Processing DXCO3.SA (58/184)
2025-07-25 15:27:58,978 - DownloadRunner - INFO - Processing ECOR3.SA (59/184)
2025-07-25 15:27:59,569 - DownloadRunner - INFO - Processing EGIE3.SA (60/184)
2025-07-25 15:28:00,194 - DownloadRunner - INFO - Processing ELET3.SA (61/184)
2025-07-25 15:28:00,782 - DownloadRunner - INFO - Processing ELET6.SA (62/184)
2025-07-25 15:28:01,372 - DownloadRunner - INFO - Processing EMBR3.SA (63/184)
2025-07-25 15:28:02,507 - DownloadRunner - INFO - Processing ENEV3.SA (64/184)
2025-07-25 15:28:03,142 - DownloadRunner - INFO - Processing ENGI11.SA (65/184)
2025-07-25 15:28:03,754 - DownloadRunner - INFO - Processing ENJU3.SA (66/184)
2025-07-25 15:28:04,351 - DownloadRunner - INFO - Processing EQTL3.SA (67/184)
2025-07-25 15:28:04,972 - DownloadRunner - INFO - Processing EVEN3.SA (68/184)
2025-07-25 15:28:05,585 - DownloadRunner - INFO - Processing EZTC3.SA (69/184)
2025-07-25 15:28:06,159 - DownloadRunner - INFO - Processing FESA4.SA (70/184)
2025-07-25 15:28:06,748 - DownloadRunner - INFO - Processing FIQE3.SA (71/184)
2025-07-25 15:28:07,338 - DownloadRunner - INFO - Processing FLRY3.SA (72/184)
2025-07-25 15:28:07,979 - DownloadRunner - INFO - Processing FRAS3.SA (73/184)
2025-07-25 15:28:08,554 - DownloadRunner - INFO - Processing G2DI33.SA (74/184)
2025-07-25 15:28:09,157 - DownloadRunner - INFO - Processing GFSA3.SA (75/184)
2025-07-25 15:28:09,756 - DownloadRunner - INFO - Processing GGBR4.SA (76/184)
2025-07-25 15:28:10,368 - DownloadRunner - INFO - Processing GMAT3.SA (77/184)
2025-07-25 15:28:10,972 - DownloadRunner - INFO - Processing GNDI3.SA (78/184)
2025-07-25 15:28:11,572 - DownloadRunner - INFO - Processing GOLL4.SA (79/184)
2025-07-25 15:28:12,164 - DownloadRunner - INFO - Processing GUAR3.SA (80/184)
2025-07-25 15:28:12,784 - DownloadRunner - INFO - Processing HAPV3.SA (81/184)
2025-07-25 15:28:13,356 - DownloadRunner - INFO - Processing HBSA3.SA (82/184)
2025-07-25 15:28:13,958 - DownloadRunner - INFO - Processing HYPE3.SA (83/184)
2025-07-25 15:28:14,818 - DownloadRunner - INFO - Processing IGTA3.SA (84/184)
2025-07-25 15:28:15,415 - DownloadRunner - INFO - Processing IGTI11.SA (85/184)
2025-07-25 15:28:16,014 - DownloadRunner - INFO - Processing MEAL3.SA (86/184)
2025-07-25 15:28:16,860 - DownloadRunner - INFO - Processing INTB3.SA (87/184)
2025-07-25 15:28:17,457 - DownloadRunner - INFO - Processing RANI3.SA (88/184)
2025-07-25 15:28:18,081 - DownloadRunner - INFO - Processing IRBR3.SA (89/184)
2025-07-25 15:28:18,673 - DownloadRunner - INFO - Processing ISAE4.SA (90/184)
2025-07-25 15:28:19,270 - DownloadRunner - INFO - Processing ITSA4.SA (91/184)
2025-07-25 15:28:19,879 - DownloadRunner - INFO - Processing ITUB3.SA (92/184)
2025-07-25 15:28:20,508 - DownloadRunner - INFO - Processing ITUB4.SA (93/184)
2025-07-25 15:28:21,116 - DownloadRunner - INFO - Processing JALL3.SA (94/184)
2025-07-25 15:28:21,699 - DownloadRunner - INFO - Processing JBSS3.SA (95/184)
2025-07-25 15:28:22,316 - DownloadRunner - INFO - Processing JHSF3.SA (96/184)
2025-07-25 15:28:22,920 - DownloadRunner - INFO - Processing JSLG3.SA (97/184)
2025-07-25 15:28:23,526 - DownloadRunner - INFO - Processing KEPL3.SA (98/184)
2025-07-25 15:28:24,117 - DownloadRunner - INFO - Processing KLBN11.SA (99/184)
2025-07-25 15:28:24,778 - DownloadRunner - INFO - Processing KLBN4.SA (100/184)
2025-07-25 15:28:25,373 - DownloadRunner - INFO - Processing LAME4.SA (101/184)
2025-07-25 15:28:25,948 - DownloadRunner - INFO - Processing LAVV3.SA (102/184)
2025-07-25 15:28:26,562 - DownloadRunner - INFO - Processing LCAM3.SA (103/184)
2025-07-25 15:28:27,162 - DownloadRunner - INFO - Processing LJQQ3.SA (104/184)
2025-07-25 15:28:27,807 - DownloadRunner - INFO - Processing LOGG3.SA (105/184)
2025-07-25 15:28:28,605 - DownloadRunner - INFO - Processing LREN3.SA (106/184)
2025-07-25 15:28:29,254 - DownloadRunner - INFO - Processing LWSA3.SA (107/184)
2025-07-25 15:28:30,103 - DownloadRunner - INFO - Processing MATD3.SA (108/184)
2025-07-25 15:28:30,725 - DownloadRunner - INFO - Processing MDIA3.SA (109/184)
2025-07-25 15:28:31,317 - DownloadRunner - INFO - Processing MDNE3.SA (110/184)
2025-07-25 15:28:31,913 - DownloadRunner - INFO - Processing MEAL3.SA (111/184)
2025-07-25 15:28:32,572 - DownloadRunner - INFO - Processing MEGA3.SA (112/184)
2025-07-25 15:28:33,154 - DownloadRunner - INFO - Processing MELK3.SA (113/184)
2025-07-25 15:28:33,773 - DownloadRunner - INFO - Processing MGLU3.SA (114/184)
2025-07-25 15:28:34,416 - DownloadRunner - INFO - Processing MILS3.SA (115/184)
2025-07-25 15:28:35,054 - DownloadRunner - INFO - Processing MOTV3.SA (116/184)
2025-07-25 15:28:35,614 - DownloadRunner - INFO - Processing MOVI3.SA (117/184)
2025-07-25 15:28:36,224 - DownloadRunner - INFO - Processing MRFG3.SA (118/184)
2025-07-25 15:28:36,817 - DownloadRunner - INFO - Processing MRVE3.SA (119/184)
2025-07-25 15:28:37,433 - DownloadRunner - INFO - Processing MTRE3.SA (120/184)
2025-07-25 15:28:38,030 - DownloadRunner - INFO - Processing MULT3.SA (121/184)
2025-07-25 15:28:38,643 - DownloadRunner - INFO - Processing MYPK3.SA (122/184)
2025-07-25 15:28:39,294 - DownloadRunner - INFO - Processing NEOE3.SA (123/184)
2025-07-25 15:28:40,126 - DownloadRunner - INFO - Processing NTCO3.SA (124/184)
2025-07-25 15:28:40,731 - DownloadRunner - INFO - Processing ODPV3.SA (125/184)
2025-07-25 15:28:41,311 - DownloadRunner - INFO - Processing ONCO3.SA (126/184)
2025-07-25 15:28:41,904 - DownloadRunner - INFO - Processing OPCT3.SA (127/184)
2025-07-25 15:28:42,767 - DownloadRunner - INFO - Processing ORVR3.SA (128/184)
2025-07-25 15:28:43,368 - DownloadRunner - INFO - Processing PARD3.SA (129/184)
2025-07-25 15:28:43,953 - DownloadRunner - INFO - Processing PCAR3.SA (130/184)
2025-07-25 15:28:44,566 - DownloadRunner - INFO - Processing PETR3.SA (131/184)
2025-07-25 15:28:45,216 - DownloadRunner - INFO - Processing PETR4.SA (132/184)
2025-07-25 15:28:45,828 - DownloadRunner - INFO - Processing PETZ3.SA (133/184)
2025-07-25 15:28:46,448 - DownloadRunner - INFO - Processing PGMN3.SA (134/184)
2025-07-25 15:28:47,072 - DownloadRunner - INFO - Processing PLPL3.SA (135/184)
2025-07-25 15:28:47,671 - DownloadRunner - INFO - Processing PNVL3.SA (136/184)
2025-07-25 15:28:48,299 - DownloadRunner - INFO - Processing PORT3.SA (137/184)
2025-07-25 15:28:48,904 - DownloadRunner - INFO - Processing POSI3.SA (138/184)
2025-07-25 15:28:49,837 - DownloadRunner - INFO - Processing PRIO3.SA (139/184)
2025-07-25 15:28:53,107 - DownloadRunner - INFO - Processing PRNR3.SA (140/184)
2025-07-25 15:28:53,739 - DownloadRunner - INFO - Processing PSSA3.SA (141/184)
2025-07-25 15:28:54,357 - DownloadRunner - INFO - Processing RADL3.SA (142/184)
2025-07-25 15:28:54,983 - DownloadRunner - INFO - Processing RAIL3.SA (143/184)
2025-07-25 15:28:55,584 - DownloadRunner - INFO - Processing RAIZ4.SA (144/184)
2025-07-25 15:28:56,447 - DownloadRunner - INFO - Processing RANI3.SA (145/184)
2025-07-25 15:28:57,134 - DownloadRunner - INFO - Processing RAPT4.SA (146/184)
2025-07-25 15:28:57,753 - DownloadRunner - INFO - Processing RDOR3.SA (147/184)
2025-07-25 15:28:58,357 - DownloadRunner - INFO - Processing RECV3.SA (148/184)
2025-07-25 15:28:58,945 - DownloadRunner - INFO - Processing RENT3.SA (149/184)
2025-07-25 15:28:59,551 - DownloadRunner - INFO - Processing RRRP3.SA (150/184)
2025-07-25 15:29:00,125 - DownloadRunner - INFO - Processing SANB11.SA (151/184)
2025-07-25 15:29:00,716 - DownloadRunner - INFO - Processing SAPR11.SA (152/184)
2025-07-25 15:29:01,367 - DownloadRunner - INFO - Processing SBFG3.SA (153/184)
2025-07-25 15:29:02,243 - DownloadRunner - INFO - Processing SBSP3.SA (154/184)
2025-07-25 15:29:02,848 - DownloadRunner - INFO - Processing SEER3.SA (155/184)
2025-07-25 15:29:03,444 - DownloadRunner - INFO - Processing SIMH3.SA (156/184)
2025-07-25 15:29:04,050 - DownloadRunner - INFO - Processing SLCE3.SA (157/184)
2025-07-25 15:29:04,656 - DownloadRunner - INFO - Processing SMFT3.SA (158/184)
2025-07-25 15:29:05,250 - DownloadRunner - INFO - Processing SMTO3.SA (159/184)
2025-07-25 15:29:05,878 - DownloadRunner - INFO - Processing SOJA3.SA (160/184)
2025-07-25 15:29:06,474 - DownloadRunner - INFO - Processing SOMA3.SA (161/184)
2025-07-25 15:29:07,068 - DownloadRunner - INFO - Processing SRNA3.SA (162/184)
2025-07-25 15:29:07,650 - DownloadRunner - INFO - Processing STBP3.SA (163/184)
2025-07-25 15:29:08,299 - DownloadRunner - INFO - Processing SUZB3.SA (164/184)
2025-07-25 15:29:09,157 - DownloadRunner - INFO - Processing TEND3.SA (165/184)
2025-07-25 15:29:09,751 - DownloadRunner - INFO - Processing TFCO4.SA (166/184)
2025-07-25 15:29:10,361 - DownloadRunner - INFO - Processing TIMS3.SA (167/184)
2025-07-25 15:29:10,969 - DownloadRunner - INFO - Processing TOTS3.SA (168/184)
2025-07-25 15:29:11,606 - DownloadRunner - INFO - Processing TRIS3.SA (169/184)
2025-07-25 15:29:12,245 - DownloadRunner - INFO - Processing TTEN3.SA (170/184)
2025-07-25 15:29:12,866 - DownloadRunner - INFO - Processing TUPY3.SA (171/184)
2025-07-25 15:29:13,497 - DownloadRunner - INFO - Processing UGPA3.SA (172/184)
2025-07-25 15:29:14,144 - DownloadRunner - INFO - Processing VALE3.SA (173/184)
2025-07-25 15:29:15,019 - DownloadRunner - INFO - Processing VAMO3.SA (174/184)
2025-07-25 15:29:15,603 - DownloadRunner - INFO - Processing VBBR3.SA (175/184)
2025-07-25 15:29:16,206 - DownloadRunner - INFO - Processing VITT3.SA (176/184)
2025-07-25 15:29:16,807 - DownloadRunner - INFO - Processing VIVA3.SA (177/184)
2025-07-25 15:29:17,415 - DownloadRunner - INFO - Processing VIVT3.SA (178/184)
2025-07-25 15:29:18,038 - DownloadRunner - INFO - Processing VLID3.SA (179/184)
2025-07-25 15:29:18,628 - DownloadRunner - INFO - Processing VULC3.SA (180/184)
2025-07-25 15:29:19,261 - DownloadRunner - INFO - Processing VVAR3.SA (181/184)
2025-07-25 15:29:19,836 - DownloadRunner - INFO - Processing VVEO3.SA (182/184)
2025-07-25 15:29:20,442 - DownloadRunner - INFO - Processing WEGE3.SA (183/184)
2025-07-25 15:29:21,036 - DownloadRunner - INFO - Processing YDUQ3.SA (184/184)
2025-07-25 15:29:21,614 - DownloadRunner - INFO - --- Finished Data Download Loop ---
2025-07-25 15:29:21,614 - DownloadRunner - INFO - Pipeline finished. Downloaded 0 new price rows for 0 tickers.
2025-07-25 15:29:21,615 - DownloadRunner - INFO - Saving financial data for 153 tickers.
2025-07-25 15:29:21,627 - DownloadRunner - INFO - Successfully saved financial data to /Users/gabrielcampos/PortfolioESG/data/findb/financials_db.csv. Total records: 454.
2025-07-25 15:29:21,671 - DownloadRunner - INFO - Successfully saved updated yfinance skip data to /Users/gabrielcampos/PortfolioESG/data/findb/yfinance_skip.json
2025-07-25 15:29:21,671 - DownloadRunner - INFO - Starting master database synchronization scan...
2025-07-25 15:29:22,172 - DownloadRunner - INFO - Loaded 370643 records from existing master database.
2025-07-25 15:29:22,173 - DownloadRunner - INFO - Scanning '/Users/gabrielcampos/PortfolioESG/data/findata/' for new daily data files...
2025-07-25 15:29:24,822 - DownloadRunner - INFO - Master database is already in sync with all daily files. No update needed.
2025-07-25 15:29:24,850 - DownloadRunner - INFO - Script finished successfully in 123.74 seconds.
2025-07-25 15:29:24,852 - DownloadRunner - INFO - Successfully logged performance data to: /Users/gabrielcampos/PortfolioESG/data/Results/download_performance.csv
2025-07-25 15:29:24,852 - DownloadRunner - INFO - Successfully copied 'download_performance.csv' to web-accessible location: /Users/gabrielcampos/PortfolioESG/html/data/download_performance.csv
2025-07-25 15:29:24,852 - DownloadRunner - INFO - Execution complete.
2025-07-25 15:29:24 - --- Stage 'Data Download' completed successfully in 00:02:04. ---
