2025-07-30 12:37:13,514 - ScoringRunner - INFO - Starting Scoring.py execution pipeline.
2025-07-30 12:37:13,869 - ScoringRunner - INFO - Loaded 370804 records from master data file.
2025-07-30 12:37:13,879 - ScoringRunner - INFO - Loaded 182 unique stocks with sector/industry data.
2025-07-30 12:37:13,879 - ScoringRunner - INFO - Loading financial data from /Users/gabrielcampos/PortfolioESG/data/findb/financials_db.csv...
2025-07-30 12:37:13,886 - ScoringRunner - INFO - Found latest financial data for 152 stocks.
2025-07-30 12:37:13,887 - ScoringRunner - INFO - Starting scoring and analysis...
2025-07-30 12:37:13,887 - ScoringRunner - INFO - Calculating daily returns and Sharpe Ratios...
2025-07-30 12:37:14,010 - ScoringRunner - INFO - Calculating momentum scores...
2025-07-30 12:37:14,014 - ScoringRunner - INFO - Calculating P/E-based upside potential...
2025-07-30 12:37:14,019 - ScoringRunner - INFO - Combining and normalizing scores...
2025-07-30 12:37:14,022 - ScoringRunner - INFO - Calculating final composite scores...
2025-07-30 12:37:14,022 - ScoringRunner - INFO - Using DYNAMIC weighting for composite score.
2025-07-30 12:37:14,022 - ScoringRunner - INFO - Dynamic weights calculated: {'sharpe': np.float64(0.5542029216148319), 'upside': np.float64(0.07543038846353911), 'momentum': np.float64(0.37036668992162913)}
2025-07-30 12:37:14,023 - ScoringRunner - INFO - Successfully scored 182 stocks.
2025-07-30 12:37:14,023 - ScoringRunner - INFO - Saving scored stocks and sector P/E data...
2025-07-30 12:37:14,027 - ScoringRunner - INFO - Saved scored stocks to /Users/gabrielcampos/PortfolioESG/data/results/scored_stocks.csv
2025-07-30 12:37:14,027 - ScoringRunner - INFO - Saved sector P/E data to /Users/gabrielcampos/PortfolioESG/data/results/sector_pe.csv
2025-07-30 12:37:14,028 - ScoringRunner - INFO - Successfully logged performance data to: /Users/gabrielcampos/PortfolioESG/data/Results/scoring_performance.csv
2025-07-30 12:37:14,029 - ScoringRunner - INFO - Copied 'scored_stocks.csv' to web-accessible location.
2025-07-30 12:37:14,029 - ScoringRunner - INFO - Copied 'sector_pe.csv' to web-accessible location.
2025-07-30 12:37:14,029 - ScoringRunner - INFO - Copied 'scoring_performance.csv' to web-accessible location.
2025-07-30 12:37:14,029 - ScoringRunner - INFO - Scoring script finished in 0.51 seconds.
2025-07-30 12:37:14,029 - ScoringRunner - INFO - Execution complete.
2025-07-30 15:56:26,165 - ScoringRunner - INFO - Starting Scoring.py execution pipeline.
2025-07-30 15:56:26,502 - ScoringRunner - INFO - Loaded 370804 records from master data file.
2025-07-30 15:56:26,510 - ScoringRunner - INFO - Loaded 182 unique stocks with sector/industry data.
2025-07-30 15:56:26,510 - ScoringRunner - INFO - Loading financial data from /Users/gabrielcampos/PortfolioESG/data/findb/financials_db.csv...
2025-07-30 15:56:26,514 - ScoringRunner - INFO - Found latest financial data for 152 stocks.
2025-07-30 15:56:26,515 - ScoringRunner - INFO - Starting scoring and analysis...
2025-07-30 15:56:26,515 - ScoringRunner - INFO - Calculating daily returns and Sharpe Ratios...
2025-07-30 15:56:26,628 - ScoringRunner - INFO - Extracted latest prices for 169 stocks.
2025-07-30 15:56:26,637 - ScoringRunner - INFO - Calculating momentum scores...
2025-07-30 15:56:26,639 - ScoringRunner - INFO - Calculating P/E-based upside potential...
2025-07-30 15:56:26,645 - ScoringRunner - INFO - Combining and normalizing scores...
2025-07-30 15:56:26,648 - ScoringRunner - INFO - Calculating final composite scores...
2025-07-30 15:56:26,649 - ScoringRunner - INFO - Using DYNAMIC weighting for composite score.
2025-07-30 15:56:26,649 - ScoringRunner - INFO - Dynamic weights calculated: {'sharpe': np.float64(0.5593698792290265), 'upside': np.float64(0.0747620688134964), 'momentum': np.float64(0.3658680519574771)}
2025-07-30 15:56:26,651 - ScoringRunner - INFO - Successfully scored 182 stocks.
2025-07-30 15:56:26,651 - ScoringRunner - INFO - Saving scored stocks and sector P/E data...
2025-07-30 15:56:26,656 - ScoringRunner - INFO - Appended 182 new records to /Users/gabrielcampos/PortfolioESG/data/results/scored_stocks.csv
2025-07-30 15:56:26,657 - ScoringRunner - INFO - Saved sector P/E data to /Users/gabrielcampos/PortfolioESG/data/results/sector_pe.csv
2025-07-30 15:56:26,658 - ScoringRunner - INFO - Successfully logged performance data to: /Users/gabrielcampos/PortfolioESG/data/Results/scoring_performance.csv
2025-07-30 15:56:26,658 - ScoringRunner - INFO - Copied 'scored_stocks.csv' to web-accessible location.
2025-07-30 15:56:26,659 - ScoringRunner - INFO - Copied 'sector_pe.csv' to web-accessible location.
2025-07-30 15:56:26,659 - ScoringRunner - INFO - Copied 'scoring_performance.csv' to web-accessible location.
2025-07-30 15:56:26,659 - ScoringRunner - INFO - Scoring script finished in 0.49 seconds.
2025-07-30 15:56:26,659 - ScoringRunner - INFO - Execution complete.
2025-07-31 12:59:15,989 - ScoringRunner - INFO - Starting Scoring.py execution pipeline.
2025-07-31 12:59:16,215 - ScoringRunner - INFO - Loaded 370804 records from master data file.
2025-07-31 12:59:16,221 - ScoringRunner - INFO - Loaded 182 unique stocks with sector/industry data.
2025-07-31 12:59:16,221 - ScoringRunner - INFO - Loading financial data from /Users/gabrielcampos/PortfolioESG/data/findb/financials_db.csv...
2025-07-31 12:59:16,225 - ScoringRunner - INFO - Found latest financial data for 152 stocks.
2025-07-31 12:59:16,225 - ScoringRunner - INFO - Starting scoring and analysis...
2025-07-31 12:59:16,225 - ScoringRunner - INFO - Calculating daily returns and Sharpe Ratios...
2025-07-31 12:59:16,305 - ScoringRunner - INFO - Extracted latest prices for 169 stocks.
2025-07-31 12:59:16,311 - ScoringRunner - INFO - Calculating momentum scores...
2025-07-31 12:59:16,313 - ScoringRunner - INFO - Calculating P/E-based upside potential...
2025-07-31 12:59:16,317 - ScoringRunner - INFO - Combining and normalizing scores...
2025-07-31 12:59:16,319 - ScoringRunner - INFO - Calculating final composite scores...
2025-07-31 12:59:16,319 - ScoringRunner - INFO - Using DYNAMIC weighting for composite score.
2025-07-31 12:59:16,319 - ScoringRunner - INFO - Dynamic weights calculated: {'sharpe': np.float64(0.5593698792290265), 'upside': np.float64(0.0747620688134964), 'momentum': np.float64(0.3658680519574771)}
2025-07-31 12:59:16,321 - ScoringRunner - INFO - Successfully scored 182 stocks.
2025-07-31 12:59:16,321 - ScoringRunner - INFO - Saving scored stocks and sector P/E data...
2025-07-31 12:59:16,324 - ScoringRunner - INFO - Appended 182 new records to /Users/gabrielcampos/PortfolioESG/data/results/scored_stocks.csv
2025-07-31 12:59:16,325 - ScoringRunner - INFO - Saved sector P/E data to /Users/gabrielcampos/PortfolioESG/data/results/sector_pe.csv
2025-07-31 12:59:16,326 - ScoringRunner - INFO - Successfully logged performance data to: /Users/gabrielcampos/PortfolioESG/data/Results/scoring_performance.csv
2025-07-31 12:59:16,326 - ScoringRunner - INFO - Copied 'scored_stocks.csv' to web-accessible location.
2025-07-31 12:59:16,326 - ScoringRunner - INFO - Copied 'sector_pe.csv' to web-accessible location.
2025-07-31 12:59:16,327 - ScoringRunner - INFO - Copied 'scoring_performance.csv' to web-accessible location.
2025-07-31 12:59:16,327 - ScoringRunner - INFO - Scoring script finished in 0.34 seconds.
2025-07-31 12:59:16,327 - ScoringRunner - INFO - Execution complete.
2025-07-31 15:10:39,011 - ScoringRunner - INFO - Starting Scoring.py execution pipeline.
2025-07-31 15:10:39,419 - ScoringRunner - INFO - Loaded 370804 records from master data file.
2025-07-31 15:10:39,429 - ScoringRunner - INFO - Loaded 182 unique stocks with sector/industry data.
2025-07-31 15:10:39,430 - ScoringRunner - INFO - Loading financial data from /Users/gabrielcampos/PortfolioESG/data/findb/financials_db.csv...
2025-07-31 15:10:39,436 - ScoringRunner - INFO - Found latest financial data for 152 stocks.
2025-07-31 15:10:39,436 - ScoringRunner - INFO - Starting scoring and analysis...
2025-07-31 15:10:39,604 - ScoringRunner - INFO - Using DYNAMIC weighting for composite score.
2025-07-31 15:10:39,605 - ScoringRunner - INFO - Dynamic weights calculated: {'sharpe': np.float64(0.5593698792290265), 'upside': np.float64(0.0747620688134964), 'momentum': np.float64(0.3658680519574771)}
2025-07-31 15:10:39,606 - ScoringRunner - INFO - Successfully scored 182 stocks.
2025-07-31 15:10:39,606 - ScoringRunner - INFO - Saving scored stocks, sector P/E, and correlation data...
2025-07-31 15:10:39,616 - ScoringRunner - INFO - Appended 182 new records to /Users/gabrielcampos/PortfolioESG/data/results/scored_stocks.csv
2025-07-31 15:10:39,616 - ScoringRunner - INFO - Saved sector P/E data to /Users/gabrielcampos/PortfolioESG/data/results/sector_pe.csv
2025-07-31 15:10:39,618 - ScoringRunner - INFO - Successfully logged performance data to: /Users/gabrielcampos/PortfolioESG/data/Results/scoring_performance.csv
2025-07-31 15:10:39,618 - ScoringRunner - INFO - Copied 'scored_stocks.csv' to web-accessible location.
2025-07-31 15:10:39,619 - ScoringRunner - INFO - Copied 'sector_pe.csv' to web-accessible location.
2025-07-31 15:10:39,619 - ScoringRunner - WARNING - Param 'CORRELATION_MATRIX_FILE' is missing or invalid. Cannot copy file.
2025-07-31 15:10:39,619 - ScoringRunner - INFO - Copied 'scoring_performance.csv' to web-accessible location.
2025-07-31 15:10:39,619 - ScoringRunner - INFO - Scoring script finished in 0.61 seconds.
2025-07-31 15:10:39,620 - ScoringRunner - INFO - Execution complete.
2025-07-31 15:35:15,265 - ScoringRunner - INFO - Starting Scoring.py execution pipeline.
2025-07-31 15:35:15,607 - ScoringRunner - INFO - Loaded 370804 records from master data file.
2025-07-31 15:35:15,614 - ScoringRunner - INFO - Loaded 182 unique stocks with sector/industry data.
2025-07-31 15:35:15,614 - ScoringRunner - INFO - Loading financial data from /Users/gabrielcampos/PortfolioESG/data/findb/financials_db.csv...
2025-07-31 15:35:15,619 - ScoringRunner - INFO - Found latest financial data for 152 stocks.
2025-07-31 15:35:15,619 - ScoringRunner - INFO - Starting scoring and analysis...
2025-07-31 15:35:15,748 - ScoringRunner - INFO - Using DYNAMIC weighting for composite score.
2025-07-31 15:35:15,748 - ScoringRunner - INFO - Dynamic weights calculated: {'sharpe': np.float64(0.5593698792290265), 'upside': np.float64(0.0747620688134964), 'momentum': np.float64(0.3658680519574771)}
2025-07-31 15:35:15,749 - ScoringRunner - INFO - Successfully scored 182 stocks.
2025-07-31 15:35:15,750 - ScoringRunner - INFO - Saving scored stocks, sector P/E, and correlation data...
2025-07-31 15:35:15,754 - ScoringRunner - INFO - Saved correlation matrix to /Users/gabrielcampos/PortfolioESG/data/results/correlation_matrix.csv
2025-07-31 15:35:15,758 - ScoringRunner - INFO - Appended 182 new records to /Users/gabrielcampos/PortfolioESG/data/results/scored_stocks.csv
2025-07-31 15:35:15,759 - ScoringRunner - INFO - Saved sector P/E data to /Users/gabrielcampos/PortfolioESG/data/results/sector_pe.csv
2025-07-31 15:35:15,760 - ScoringRunner - INFO - Successfully logged performance data to: /Users/gabrielcampos/PortfolioESG/data/Results/scoring_performance.csv
2025-07-31 15:35:15,761 - ScoringRunner - INFO - Copied 'scored_stocks.csv' to web-accessible location.
2025-07-31 15:35:15,761 - ScoringRunner - INFO - Copied 'sector_pe.csv' to web-accessible location.
2025-07-31 15:35:15,762 - ScoringRunner - INFO - Copied 'correlation_matrix.csv' to web-accessible location.
2025-07-31 15:35:15,762 - ScoringRunner - INFO - Copied 'scoring_performance.csv' to web-accessible location.
2025-07-31 15:35:15,762 - ScoringRunner - INFO - Scoring script finished in 0.50 seconds.
2025-07-31 15:35:15,762 - ScoringRunner - INFO - Execution complete.
2025-08-01 10:41:46,471 - ScoringRunner - INFO - Starting Scoring.py execution pipeline.
2025-08-01 10:41:46,976 - ScoringRunner - INFO - Loaded 370804 records from master data file.
2025-08-01 10:41:46,986 - ScoringRunner - INFO - Loaded 182 unique stocks with sector/industry data.
2025-08-01 10:41:46,986 - ScoringRunner - INFO - Loading financial data from /Users/gabrielcampos/PortfolioESG/data/findb/financials_db.csv...
2025-08-01 10:41:46,992 - ScoringRunner - INFO - Found latest financial data for 152 stocks.
2025-08-01 10:41:46,993 - ScoringRunner - INFO - Starting scoring and analysis...
2025-08-01 10:41:47,243 - ScoringRunner - INFO - Using DYNAMIC weighting for composite score.
2025-08-01 10:41:47,243 - ScoringRunner - INFO - Dynamic weights calculated: {'sharpe': np.float64(0.5608425804478792), 'upside': np.float64(0.07232611528867462), 'momentum': np.float64(0.36683130426344623)}
2025-08-01 10:41:47,245 - ScoringRunner - INFO - Successfully scored 182 stocks.
2025-08-01 10:41:47,246 - ScoringRunner - INFO - Saving scored stocks, sector P/E, and correlation data...
2025-08-01 10:41:47,253 - ScoringRunner - INFO - Saved Top 20 stock correlation matrix to /Users/gabrielcampos/PortfolioESG/data/results/correlation_matrix.csv
2025-08-01 10:41:47,258 - ScoringRunner - INFO - Appended 182 new records to /Users/gabrielcampos/PortfolioESG/data/results/scored_stocks.csv
2025-08-01 10:41:47,260 - ScoringRunner - INFO - Saved sector P/E data to /Users/gabrielcampos/PortfolioESG/data/results/sector_pe.csv
2025-08-01 10:41:47,262 - ScoringRunner - INFO - Successfully logged performance data to: /Users/gabrielcampos/PortfolioESG/data/Results/scoring_performance.csv
2025-08-01 10:41:47,264 - ScoringRunner - INFO - Copied 'scored_stocks.csv' to web-accessible location.
2025-08-01 10:41:47,264 - ScoringRunner - INFO - Copied 'sector_pe.csv' to web-accessible location.
2025-08-01 10:41:47,264 - ScoringRunner - INFO - Copied 'correlation_matrix.csv' to web-accessible location.
2025-08-01 10:41:47,264 - ScoringRunner - INFO - Copied 'scoring_performance.csv' to web-accessible location.
2025-08-01 10:41:47,264 - ScoringRunner - INFO - Scoring script finished in 0.80 seconds.
2025-08-01 10:41:47,265 - ScoringRunner - INFO - Execution complete.
2025-08-01 11:08:33,447 - ScoringRunner - INFO - Starting Scoring.py execution pipeline.
2025-08-01 11:08:33,665 - ScoringRunner - INFO - Loaded 370804 records from master data file.
2025-08-01 11:08:33,672 - ScoringRunner - INFO - Loaded 182 unique stocks with sector/industry data.
2025-08-01 11:08:33,672 - ScoringRunner - INFO - Loading financial data from /Users/gabrielcampos/PortfolioESG/data/findb/financials_db.csv...
2025-08-01 11:08:33,675 - ScoringRunner - INFO - Found latest financial data for 152 stocks.
2025-08-01 11:08:33,676 - ScoringRunner - INFO - Starting scoring and analysis...
2025-08-01 11:08:33,766 - ScoringRunner - INFO - Using DYNAMIC weighting for composite score.
2025-08-01 11:08:33,767 - ScoringRunner - INFO - Dynamic weights calculated: {'sharpe': np.float64(0.5608425804478792), 'upside': np.float64(0.07232611528867462), 'momentum': np.float64(0.36683130426344623)}
2025-08-01 11:08:33,767 - ScoringRunner - INFO - Successfully scored 182 stocks.
2025-08-01 11:08:33,767 - ScoringRunner - INFO - Saving scored stocks, sector P/E, and correlation data...
2025-08-01 11:08:33,772 - ScoringRunner - INFO - Saved Top 20 stock correlation matrix to /Users/gabrielcampos/PortfolioESG/data/results/correlation_matrix.csv
2025-08-01 11:08:33,774 - ScoringRunner - INFO - Appended 182 new records to /Users/gabrielcampos/PortfolioESG/data/results/scored_stocks.csv
2025-08-01 11:08:33,775 - ScoringRunner - INFO - Appended 11 new records to /Users/gabrielcampos/PortfolioESG/data/results/sector_pe.csv
2025-08-01 11:08:33,775 - ScoringRunner - INFO - Successfully logged performance data to: /Users/gabrielcampos/PortfolioESG/data/Results/scoring_performance.csv
2025-08-01 11:08:33,776 - ScoringRunner - INFO - Copied 'scored_stocks.csv' to web-accessible location.
2025-08-01 11:08:33,776 - ScoringRunner - INFO - Copied 'sector_pe.csv' to web-accessible location.
2025-08-01 11:08:33,777 - ScoringRunner - INFO - Copied 'correlation_matrix.csv' to web-accessible location.
2025-08-01 11:08:33,777 - ScoringRunner - INFO - Copied 'scoring_performance.csv' to web-accessible location.
2025-08-01 11:08:33,777 - ScoringRunner - INFO - Scoring script finished in 0.33 seconds.
2025-08-01 11:08:33,777 - ScoringRunner - INFO - Execution complete.
2025-08-01 11:27:57,925 - ScoringRunner - INFO - Starting Scoring.py execution pipeline.
2025-08-01 11:27:58,273 - ScoringRunner - INFO - Loaded 370804 records from master data file.
2025-08-01 11:27:58,282 - ScoringRunner - INFO - Loaded 182 unique stocks with sector/industry data.
2025-08-01 11:27:58,283 - ScoringRunner - INFO - Loading financial data from /Users/gabrielcampos/PortfolioESG/data/findb/financials_db.csv...
2025-08-01 11:27:58,287 - ScoringRunner - INFO - Found latest financial data for 152 stocks.
2025-08-01 11:27:58,287 - ScoringRunner - INFO - Starting scoring and analysis...
2025-08-01 11:27:58,420 - ScoringRunner - INFO - Using DYNAMIC weighting for composite score.
2025-08-01 11:27:58,421 - ScoringRunner - INFO - Dynamic weights calculated: {'sharpe': np.float64(0.5608425804478792), 'upside': np.float64(0.07232611528867462), 'momentum': np.float64(0.36683130426344623)}
2025-08-01 11:27:58,422 - ScoringRunner - INFO - Successfully scored 182 stocks.
2025-08-01 11:27:58,422 - ScoringRunner - INFO - Saving scored stocks, sector P/E, and correlation data...
2025-08-01 11:27:58,428 - ScoringRunner - INFO - Saved Top 20 stock correlation matrix to /Users/gabrielcampos/PortfolioESG/data/results/correlation_matrix.csv
2025-08-01 11:27:58,433 - ScoringRunner - INFO - Appended 182 new records to /Users/gabrielcampos/PortfolioESG/data/results/scored_stocks.csv
2025-08-01 11:27:58,436 - ScoringRunner - INFO - Appended 11 new records to /Users/gabrielcampos/PortfolioESG/data/results/sector_pe.csv
2025-08-01 11:27:58,438 - ScoringRunner - INFO - Successfully logged performance data to: /Users/gabrielcampos/PortfolioESG/data/Results/scoring_performance.csv
2025-08-01 11:27:58,440 - ScoringRunner - INFO - Copied 'scored_stocks.csv' to web-accessible location.
2025-08-01 11:27:58,440 - ScoringRunner - INFO - Copied 'sector_pe.csv' to web-accessible location.
2025-08-01 11:27:58,441 - ScoringRunner - INFO - Copied 'correlation_matrix.csv' to web-accessible location.
2025-08-01 11:27:58,441 - ScoringRunner - INFO - Copied 'scoring_performance.csv' to web-accessible location.
2025-08-01 11:27:58,441 - ScoringRunner - INFO - Scoring script finished in 0.51 seconds.
2025-08-01 11:27:58,442 - ScoringRunner - INFO - Execution complete.
2025-08-04 23:16:08,317 - ScoringRunner - INFO - Starting Scoring.py execution pipeline.
2025-08-04 23:16:08,646 - ScoringRunner - INFO - Loaded 371609 records from master data file.
2025-08-04 23:16:08,651 - ScoringRunner - INFO - Loaded 182 unique stocks with sector/industry data.
2025-08-04 23:16:08,651 - ScoringRunner - INFO - Loading financial data from /Users/gabrielcampos/PortfolioESG/data/findb/financials_db.csv...
2025-08-04 23:16:08,654 - ScoringRunner - INFO - Found latest financial data for 152 stocks.
2025-08-04 23:16:08,654 - ScoringRunner - INFO - Starting scoring and analysis...
2025-08-04 23:16:08,785 - ScoringRunner - INFO - Using DYNAMIC weighting for composite score.
2025-08-04 23:16:08,785 - ScoringRunner - INFO - Dynamic weights calculated: {'sharpe': np.float64(0.69914912816311), 'upside': np.float64(0.09096775339835673), 'momentum': np.float64(0.20988311843853322)}
2025-08-04 23:16:08,786 - ScoringRunner - INFO - Successfully scored 182 stocks.
2025-08-04 23:16:08,786 - ScoringRunner - INFO - Saving scored stocks, sector P/E, and correlation data...
2025-08-04 23:16:08,793 - ScoringRunner - INFO - Saved Top 20 stock correlation matrix to /Users/gabrielcampos/PortfolioESG/data/results/correlation_matrix.csv
2025-08-04 23:16:08,797 - ScoringRunner - INFO - Appended 182 new records to /Users/gabrielcampos/PortfolioESG/data/results/scored_stocks.csv
2025-08-04 23:16:08,798 - ScoringRunner - INFO - Appended 11 new records to /Users/gabrielcampos/PortfolioESG/data/results/sector_pe.csv
2025-08-04 23:16:08,798 - ScoringRunner - INFO - Successfully logged performance data to: /Users/gabrielcampos/PortfolioESG/data/Results/scoring_performance.csv
2025-08-04 23:16:08,801 - ScoringRunner - INFO - Copied 'scored_stocks.csv' to web-accessible location.
2025-08-04 23:16:08,801 - ScoringRunner - INFO - Copied 'sector_pe.csv' to web-accessible location.
2025-08-04 23:16:08,802 - ScoringRunner - INFO - Copied 'correlation_matrix.csv' to web-accessible location.
2025-08-04 23:16:08,802 - ScoringRunner - INFO - Copied 'scoring_performance.csv' to web-accessible location.
2025-08-04 23:16:08,802 - ScoringRunner - INFO - Scoring script finished in 0.48 seconds.
2025-08-04 23:16:08,802 - ScoringRunner - INFO - Execution complete.
2025-08-05 06:36:07,760 - ScoringRunner - INFO - Starting Scoring.py execution pipeline.
2025-08-05 06:36:07,963 - ScoringRunner - INFO - Loaded 371770 records from master data file.
2025-08-05 06:36:07,966 - ScoringRunner - INFO - Loaded 182 unique stocks with sector/industry data.
2025-08-05 06:36:07,966 - ScoringRunner - INFO - Loading financial data from /Users/gabrielcampos/PortfolioESG/data/findb/financials_db.csv...
2025-08-05 06:36:07,968 - ScoringRunner - INFO - Found latest financial data for 152 stocks.
2025-08-05 06:36:07,969 - ScoringRunner - INFO - Starting scoring and analysis...
2025-08-05 06:36:08,053 - ScoringRunner - INFO - Using DYNAMIC weighting for composite score.
2025-08-05 06:36:08,053 - ScoringRunner - INFO - Dynamic weights calculated: {'sharpe': np.float64(0.6949485165657044), 'upside': np.float64(0.09025300096849027), 'momentum': np.float64(0.21479848246580538)}
2025-08-05 06:36:08,054 - ScoringRunner - INFO - Successfully scored 182 stocks.
2025-08-05 06:36:08,054 - ScoringRunner - INFO - Saving scored stocks, sector P/E, and correlation data...
2025-08-05 06:36:08,058 - ScoringRunner - INFO - Saved Top 20 stock correlation matrix to /Users/gabrielcampos/PortfolioESG/data/results/correlation_matrix.csv
2025-08-05 06:36:08,060 - ScoringRunner - INFO - Appended 182 new records to /Users/gabrielcampos/PortfolioESG/data/results/scored_stocks.csv
2025-08-05 06:36:08,061 - ScoringRunner - INFO - Appended 11 new records to /Users/gabrielcampos/PortfolioESG/data/results/sector_pe.csv
2025-08-05 06:36:08,061 - ScoringRunner - INFO - Successfully logged performance data to: /Users/gabrielcampos/PortfolioESG/data/Results/scoring_performance.csv
2025-08-05 06:36:08,064 - ScoringRunner - INFO - Copied 'scored_stocks.csv' to web-accessible location.
2025-08-05 06:36:08,064 - ScoringRunner - INFO - Copied 'sector_pe.csv' to web-accessible location.
2025-08-05 06:36:08,064 - ScoringRunner - INFO - Copied 'correlation_matrix.csv' to web-accessible location.
2025-08-05 06:36:08,065 - ScoringRunner - INFO - Copied 'scoring_performance.csv' to web-accessible location.
2025-08-05 06:36:08,065 - ScoringRunner - INFO - Scoring script finished in 0.30 seconds.
2025-08-05 06:36:08,065 - ScoringRunner - INFO - Execution complete.
2025-08-05 17:56:51,442 - ScoringRunner - INFO - Starting Scoring.py execution pipeline.
2025-08-05 17:56:51,765 - ScoringRunner - INFO - Loaded 371770 records from master data file.
2025-08-05 17:56:51,769 - ScoringRunner - INFO - Loaded 182 unique stocks with sector/industry data.
2025-08-05 17:56:51,769 - ScoringRunner - INFO - Loading financial data from /Users/gabrielcampos/PortfolioESG/data/findb/financials_db.csv...
2025-08-05 17:56:51,773 - ScoringRunner - INFO - Found latest financial data for 152 stocks.
2025-08-05 17:56:51,773 - ScoringRunner - INFO - Starting scoring and analysis...
2025-08-05 17:56:51,896 - ScoringRunner - INFO - Using DYNAMIC weighting for composite score.
2025-08-05 17:56:51,896 - ScoringRunner - INFO - Dynamic weights calculated: {'sharpe': np.float64(0.6949333325656045), 'upside': np.float64(0.09027287812225744), 'momentum': np.float64(0.2147937893121379)}
2025-08-05 17:56:51,897 - ScoringRunner - INFO - Successfully scored 182 stocks.
2025-08-05 17:56:51,898 - ScoringRunner - INFO - Saving scored stocks, sector P/E, and correlation data...
2025-08-05 17:56:51,903 - ScoringRunner - INFO - Saved Top 20 stock correlation matrix to /Users/gabrielcampos/PortfolioESG/data/results/correlation_matrix.csv
2025-08-05 17:56:51,907 - ScoringRunner - INFO - Appended 182 new records to /Users/gabrielcampos/PortfolioESG/data/results/scored_stocks.csv
2025-08-05 17:56:51,908 - ScoringRunner - INFO - Appended 11 new records to /Users/gabrielcampos/PortfolioESG/data/results/sector_pe.csv
2025-08-05 17:56:51,909 - ScoringRunner - INFO - Successfully logged performance data to: /Users/gabrielcampos/PortfolioESG/data/Results/scoring_performance.csv
2025-08-05 17:56:51,910 - ScoringRunner - INFO - Copied 'scored_stocks.csv' to web-accessible location.
2025-08-05 17:56:51,910 - ScoringRunner - INFO - Copied 'sector_pe.csv' to web-accessible location.
2025-08-05 17:56:51,911 - ScoringRunner - INFO - Copied 'correlation_matrix.csv' to web-accessible location.
2025-08-05 17:56:51,911 - ScoringRunner - INFO - Copied 'scoring_performance.csv' to web-accessible location.
2025-08-05 17:56:51,911 - ScoringRunner - INFO - Scoring script finished in 0.47 seconds.
2025-08-05 17:56:51,912 - ScoringRunner - INFO - Execution complete.
2025-08-06 18:06:48,013 - ScoringRunner - INFO - Starting Scoring.py execution pipeline.
2025-08-06 18:06:48,344 - ScoringRunner - INFO - Loaded 371931 records from master data file.
2025-08-06 18:06:48,348 - ScoringRunner - INFO - Loaded 182 unique stocks with sector/industry data.
2025-08-06 18:06:48,349 - ScoringRunner - INFO - Loading financial data from /Users/gabrielcampos/PortfolioESG/data/findb/financials_db.csv...
2025-08-06 18:06:48,352 - ScoringRunner - INFO - Found latest financial data for 152 stocks.
2025-08-06 18:06:48,352 - ScoringRunner - INFO - Starting scoring and analysis...
2025-08-06 18:06:48,477 - ScoringRunner - INFO - Using DYNAMIC weighting for composite score.
2025-08-06 18:06:48,477 - ScoringRunner - INFO - Dynamic weights calculated: {'sharpe': np.float64(0.6774802618217189), 'upside': np.float64(0.09219373903079127), 'momentum': np.float64(0.2303259991474897)}
2025-08-06 18:06:48,479 - ScoringRunner - INFO - Successfully scored 182 stocks.
2025-08-06 18:06:48,479 - ScoringRunner - INFO - Saving scored stocks, sector P/E, and correlation data...
2025-08-06 18:06:48,485 - ScoringRunner - INFO - Saved Top 20 stock correlation matrix to /Users/gabrielcampos/PortfolioESG/data/results/correlation_matrix.csv
2025-08-06 18:06:48,489 - ScoringRunner - INFO - Appended 182 new records to /Users/gabrielcampos/PortfolioESG/data/results/scored_stocks.csv
2025-08-06 18:06:48,490 - ScoringRunner - INFO - Appended 11 new records to /Users/gabrielcampos/PortfolioESG/data/results/sector_pe.csv
2025-08-06 18:06:48,491 - ScoringRunner - INFO - Successfully logged performance data to: /Users/gabrielcampos/PortfolioESG/data/Results/scoring_performance.csv
2025-08-06 18:06:48,492 - ScoringRunner - INFO - Copied 'scored_stocks.csv' to web-accessible location.
2025-08-06 18:06:48,493 - ScoringRunner - INFO - Copied 'sector_pe.csv' to web-accessible location.
2025-08-06 18:06:48,493 - ScoringRunner - INFO - Copied 'correlation_matrix.csv' to web-accessible location.
2025-08-06 18:06:48,494 - ScoringRunner - INFO - Copied 'scoring_performance.csv' to web-accessible location.
2025-08-06 18:06:48,494 - ScoringRunner - INFO - Scoring script finished in 0.48 seconds.
2025-08-06 18:06:48,494 - ScoringRunner - INFO - Execution complete.
2025-08-06 20:50:49,781 - ScoringRunner - INFO - Starting Scoring.py execution pipeline.
2025-08-06 20:50:49,985 - ScoringRunner - INFO - Loaded 371931 records from master data file.
2025-08-06 20:50:49,988 - ScoringRunner - INFO - Loaded 182 unique stocks with sector/industry data.
2025-08-06 20:50:49,988 - ScoringRunner - INFO - Loading financial data from /Users/gabrielcampos/PortfolioESG/data/findb/financials_db.csv...
2025-08-06 20:50:49,990 - ScoringRunner - INFO - Found latest financial data for 152 stocks.
2025-08-06 20:50:49,990 - ScoringRunner - INFO - Starting scoring and analysis...
2025-08-06 20:50:50,068 - ScoringRunner - INFO - Using DYNAMIC weighting for composite score.
2025-08-06 20:50:50,068 - ScoringRunner - INFO - Dynamic weights calculated: {'sharpe': np.float64(0.6774802618217189), 'upside': np.float64(0.09219373903079127), 'momentum': np.float64(0.2303259991474897)}
2025-08-06 20:50:50,069 - ScoringRunner - INFO - Successfully scored 182 stocks.
2025-08-06 20:50:50,069 - ScoringRunner - INFO - Saving scored stocks, sector P/E, and correlation data...
2025-08-06 20:50:50,074 - ScoringRunner - INFO - Saved Top 20 stock correlation matrix to /Users/gabrielcampos/PortfolioESG/data/results/correlation_matrix.csv
2025-08-06 20:50:50,076 - ScoringRunner - INFO - Appended 182 new records to /Users/gabrielcampos/PortfolioESG/data/results/scored_stocks.csv
2025-08-06 20:50:50,076 - ScoringRunner - INFO - Appended 11 new records to /Users/gabrielcampos/PortfolioESG/data/results/sector_pe.csv
2025-08-06 20:50:50,077 - ScoringRunner - INFO - Successfully logged performance data to: /Users/gabrielcampos/PortfolioESG/data/Results/scoring_performance.csv
2025-08-06 20:50:50,078 - ScoringRunner - INFO - Copied 'scored_stocks.csv' to web-accessible location.
2025-08-06 20:50:50,079 - ScoringRunner - INFO - Copied 'sector_pe.csv' to web-accessible location.
2025-08-06 20:50:50,079 - ScoringRunner - INFO - Copied 'correlation_matrix.csv' to web-accessible location.
2025-08-06 20:50:50,079 - ScoringRunner - INFO - Copied 'scoring_performance.csv' to web-accessible location.
2025-08-06 20:50:50,079 - ScoringRunner - INFO - Scoring script finished in 0.30 seconds.
2025-08-06 20:50:50,079 - ScoringRunner - INFO - Execution complete.
2025-08-06 21:40:54,029 - ScoringRunner - INFO - Starting Scoring.py execution pipeline.
2025-08-06 21:40:54,235 - ScoringRunner - INFO - Loaded 371931 records from master data file.
2025-08-06 21:40:54,238 - ScoringRunner - INFO - Loaded 182 unique stocks with sector/industry data.
2025-08-06 21:40:54,238 - ScoringRunner - INFO - Loading financial data from /Users/gabrielcampos/PortfolioESG/data/findb/financials_db.csv...
2025-08-06 21:40:54,240 - ScoringRunner - INFO - Found latest financial data for 152 stocks.
2025-08-06 21:40:54,240 - ScoringRunner - INFO - Starting scoring and analysis...
2025-08-06 21:40:54,322 - ScoringRunner - INFO - Using DYNAMIC weighting for composite score.
2025-08-06 21:40:54,322 - ScoringRunner - INFO - Dynamic weights calculated: {'sharpe': np.float64(0.6774802618217189), 'upside': np.float64(0.09219373903079127), 'momentum': np.float64(0.2303259991474897)}
2025-08-06 21:40:54,323 - ScoringRunner - INFO - Successfully scored 182 stocks.
2025-08-06 21:40:54,323 - ScoringRunner - INFO - Saving scored stocks, sector P/E, and correlation data...
2025-08-06 21:40:54,326 - ScoringRunner - INFO - Saved Top 20 stock correlation matrix to /Users/gabrielcampos/PortfolioESG/data/results/correlation_matrix.csv
2025-08-06 21:40:54,329 - ScoringRunner - INFO - Appended 182 new records to /Users/gabrielcampos/PortfolioESG/data/results/scored_stocks.csv
2025-08-06 21:40:54,329 - ScoringRunner - INFO - Appended 11 new records to /Users/gabrielcampos/PortfolioESG/data/results/sector_pe.csv
2025-08-06 21:40:54,330 - ScoringRunner - INFO - Successfully logged performance data to: /Users/gabrielcampos/PortfolioESG/data/Results/scoring_performance.csv
2025-08-06 21:40:54,331 - ScoringRunner - INFO - Copied 'scored_stocks.csv' to web-accessible location.
2025-08-06 21:40:54,332 - ScoringRunner - INFO - Copied 'sector_pe.csv' to web-accessible location.
2025-08-06 21:40:54,332 - ScoringRunner - INFO - Copied 'correlation_matrix.csv' to web-accessible location.
2025-08-06 21:40:54,332 - ScoringRunner - INFO - Copied 'scoring_performance.csv' to web-accessible location.
2025-08-06 21:40:54,332 - ScoringRunner - INFO - Scoring script finished in 0.30 seconds.
2025-08-06 21:40:54,332 - ScoringRunner - INFO - Execution complete.
2025-08-07 10:42:33,127 - ScoringRunner - INFO - Starting Scoring.py execution pipeline.
2025-08-07 10:42:33,332 - ScoringRunner - INFO - Loaded 372038 records from master data file.
2025-08-07 10:42:33,335 - ScoringRunner - INFO - Loaded 182 unique stocks with sector/industry data.
2025-08-07 10:42:33,335 - ScoringRunner - INFO - Loading financial data from /Users/gabrielcampos/PortfolioESG/data/findb/financials_db.csv...
2025-08-07 10:42:33,338 - ScoringRunner - INFO - Found latest financial data for 152 stocks.
2025-08-07 10:42:33,338 - ScoringRunner - INFO - Starting scoring and analysis...
2025-08-07 10:42:33,425 - ScoringRunner - INFO - Using DYNAMIC weighting for composite score.
2025-08-07 10:42:33,425 - ScoringRunner - INFO - Dynamic weights calculated: {'sharpe': np.float64(0.6237346441841366), 'upside': np.float64(0.08411160380886097), 'momentum': np.float64(0.2921537520070024)}
2025-08-07 10:42:33,426 - ScoringRunner - INFO - Successfully scored 182 stocks.
2025-08-07 10:42:33,426 - ScoringRunner - INFO - Saving scored stocks, sector P/E, and correlation data...
2025-08-07 10:42:33,430 - ScoringRunner - INFO - Saved Top 20 stock correlation matrix to /Users/gabrielcampos/PortfolioESG/data/results/correlation_matrix.csv
2025-08-07 10:42:33,432 - ScoringRunner - INFO - Appended 182 new records to /Users/gabrielcampos/PortfolioESG/data/results/scored_stocks.csv
2025-08-07 10:42:33,433 - ScoringRunner - INFO - Appended 11 new records to /Users/gabrielcampos/PortfolioESG/data/results/sector_pe.csv
2025-08-07 10:42:33,433 - ScoringRunner - INFO - Successfully logged performance data to: /Users/gabrielcampos/PortfolioESG/data/Results/scoring_performance.csv
2025-08-07 10:42:33,434 - ScoringRunner - INFO - Copied 'scored_stocks.csv' to web-accessible location.
2025-08-07 10:42:33,435 - ScoringRunner - INFO - Copied 'sector_pe.csv' to web-accessible location.
2025-08-07 10:42:33,435 - ScoringRunner - INFO - Copied 'correlation_matrix.csv' to web-accessible location.
2025-08-07 10:42:33,435 - ScoringRunner - INFO - Copied 'scoring_performance.csv' to web-accessible location.
2025-08-07 10:42:33,435 - ScoringRunner - INFO - Scoring script finished in 0.31 seconds.
2025-08-07 10:42:33,436 - ScoringRunner - INFO - Execution complete.
2025-08-08 09:49:57,075 - ScoringRunner - INFO - Starting Scoring.py execution pipeline.
2025-08-08 09:49:57,438 - ScoringRunner - INFO - Loaded 372038 records from master data file.
2025-08-08 09:49:57,447 - ScoringRunner - INFO - Loaded 182 unique stocks with sector/industry data.
2025-08-08 09:49:57,447 - ScoringRunner - INFO - Loading financial data from /Users/gabrielcampos/PortfolioESG/data/findb/financials_db.csv...
2025-08-08 09:49:57,451 - ScoringRunner - INFO - Found latest financial data for 152 stocks.
2025-08-08 09:49:57,452 - ScoringRunner - INFO - Starting scoring and analysis...
2025-08-08 09:49:57,581 - ScoringRunner - INFO - Using DYNAMIC weighting for composite score.
2025-08-08 09:49:57,581 - ScoringRunner - INFO - Dynamic weights calculated: {'sharpe': np.float64(0.6237346441841366), 'upside': np.float64(0.08411160380886097), 'momentum': np.float64(0.2921537520070024)}
2025-08-08 09:49:57,582 - ScoringRunner - INFO - Successfully scored 182 stocks.
2025-08-08 09:49:57,582 - ScoringRunner - INFO - Saving scored stocks, sector P/E, and correlation data...
2025-08-08 09:49:57,587 - ScoringRunner - INFO - Saved Top 20 stock correlation matrix to /Users/gabrielcampos/PortfolioESG/data/results/correlation_matrix.csv
2025-08-08 09:49:57,590 - ScoringRunner - INFO - Appended 182 new records to /Users/gabrielcampos/PortfolioESG/data/results/scored_stocks.csv
2025-08-08 09:49:57,590 - ScoringRunner - INFO - Appended 11 new records to /Users/gabrielcampos/PortfolioESG/data/results/sector_pe.csv
2025-08-08 09:49:57,591 - ScoringRunner - INFO - Successfully logged performance data to: /Users/gabrielcampos/PortfolioESG/data/Results/scoring_performance.csv
2025-08-08 09:49:57,594 - ScoringRunner - INFO - Copied 'scored_stocks.csv' to web-accessible location.
2025-08-08 09:49:57,594 - ScoringRunner - INFO - Copied 'sector_pe.csv' to web-accessible location.
2025-08-08 09:49:57,594 - ScoringRunner - INFO - Copied 'correlation_matrix.csv' to web-accessible location.
2025-08-08 09:49:57,595 - ScoringRunner - INFO - Copied 'scoring_performance.csv' to web-accessible location.
2025-08-08 09:49:57,595 - ScoringRunner - INFO - Scoring script finished in 0.52 seconds.
2025-08-08 09:49:57,595 - ScoringRunner - INFO - Execution complete.
2025-08-09 09:06:41,327 - ScoringRunner - INFO - Starting Scoring.py execution pipeline.
2025-08-09 09:06:41,953 - ScoringRunner - INFO - Loaded 372390 records from master data file.
2025-08-09 09:06:41,962 - ScoringRunner - INFO - Loaded 182 unique stocks with sector/industry data.
2025-08-09 09:06:41,962 - ScoringRunner - INFO - Loading financial data from /Users/gabrielcampos/PortfolioESG/data/findb/financials_db.csv...
2025-08-09 09:06:41,969 - ScoringRunner - INFO - Found latest financial data for 152 stocks.
2025-08-09 09:06:41,970 - ScoringRunner - INFO - Starting scoring and analysis...
2025-08-09 09:06:42,170 - ScoringRunner - INFO - Using DYNAMIC weighting for composite score.
2025-08-09 09:06:42,170 - ScoringRunner - INFO - Dynamic weights calculated: {'sharpe': np.float64(0.6834020271369853), 'upside': np.float64(0.09368084135806437), 'momentum': np.float64(0.22291713150495035)}
2025-08-09 09:06:42,172 - ScoringRunner - INFO - Successfully scored 182 stocks.
2025-08-09 09:06:42,172 - ScoringRunner - INFO - Saving scored stocks, sector P/E, and correlation data...
2025-08-09 09:06:42,181 - ScoringRunner - INFO - Saved Top 20 stock correlation matrix to /Users/gabrielcampos/PortfolioESG/data/results/correlation_matrix.csv
2025-08-09 09:06:42,187 - ScoringRunner - INFO - Appended 182 new records to /Users/gabrielcampos/PortfolioESG/data/results/scored_stocks.csv
2025-08-09 09:06:42,188 - ScoringRunner - INFO - Appended 11 new records to /Users/gabrielcampos/PortfolioESG/data/results/sector_pe.csv
2025-08-09 09:06:42,190 - ScoringRunner - INFO - Successfully logged performance data to: /Users/gabrielcampos/PortfolioESG/data/Results/scoring_performance.csv
2025-08-09 09:06:42,192 - ScoringRunner - INFO - Copied 'scored_stocks.csv' to web-accessible location.
2025-08-09 09:06:42,193 - ScoringRunner - INFO - Copied 'sector_pe.csv' to web-accessible location.
2025-08-09 09:06:42,193 - ScoringRunner - INFO - Copied 'correlation_matrix.csv' to web-accessible location.
2025-08-09 09:06:42,193 - ScoringRunner - INFO - Copied 'scoring_performance.csv' to web-accessible location.
2025-08-09 09:06:42,194 - ScoringRunner - INFO - Scoring script finished in 0.86 seconds.
2025-08-09 09:06:42,194 - ScoringRunner - INFO - Execution complete.
2025-08-11 08:24:40,048 - ScoringRunner - INFO - Starting Scoring.py execution pipeline.
2025-08-11 08:24:40,291 - ScoringRunner - INFO - Loaded 372390 records from master data file.
2025-08-11 08:24:40,299 - ScoringRunner - INFO - Loaded 181 unique stocks with sector/industry data.
2025-08-11 08:24:40,299 - ScoringRunner - INFO - Loading financial data from /Users/gabrielcampos/PortfolioESG/data/findb/financials_db.csv...
2025-08-11 08:24:40,304 - ScoringRunner - INFO - Found latest financial data for 152 stocks.
2025-08-11 08:24:40,304 - ScoringRunner - INFO - Starting scoring and analysis...
2025-08-11 08:24:40,395 - ScoringRunner - INFO - Using DYNAMIC weighting for composite score.
2025-08-11 08:24:40,395 - ScoringRunner - INFO - Dynamic weights calculated: {'sharpe': np.float64(0.6021953865209858), 'upside': np.float64(0.08284196875898575), 'momentum': np.float64(0.3149626447200284)}
2025-08-11 08:24:40,396 - ScoringRunner - INFO - Successfully scored 181 stocks.
2025-08-11 08:24:40,396 - ScoringRunner - INFO - Saving scored stocks, sector P/E, and correlation data...
2025-08-11 08:24:40,400 - ScoringRunner - INFO - Saved Top 20 stock correlation matrix to /Users/gabrielcampos/PortfolioESG/data/results/correlation_matrix.csv
2025-08-11 08:24:40,403 - ScoringRunner - INFO - Appended 181 new records to /Users/gabrielcampos/PortfolioESG/data/results/scored_stocks.csv
2025-08-11 08:24:40,404 - ScoringRunner - INFO - Appended 11 new records to /Users/gabrielcampos/PortfolioESG/data/results/sector_pe.csv
2025-08-11 08:24:40,404 - ScoringRunner - INFO - Successfully logged performance data to: /Users/gabrielcampos/PortfolioESG/data/Results/scoring_performance.csv
2025-08-11 08:24:40,406 - ScoringRunner - INFO - Copied 'scored_stocks.csv' to web-accessible location.
2025-08-11 08:24:40,406 - ScoringRunner - INFO - Copied 'sector_pe.csv' to web-accessible location.
2025-08-11 08:24:40,406 - ScoringRunner - INFO - Copied 'correlation_matrix.csv' to web-accessible location.
2025-08-11 08:24:40,407 - ScoringRunner - INFO - Copied 'scoring_performance.csv' to web-accessible location.
2025-08-11 08:24:40,407 - ScoringRunner - INFO - Scoring script finished in 0.36 seconds.
2025-08-11 08:24:40,407 - ScoringRunner - INFO - Execution complete.
2025-08-11 08:35:08,165 - ScoringRunner - INFO - Starting Scoring.py execution pipeline.
2025-08-11 08:35:08,393 - ScoringRunner - INFO - Loaded 372433 records from master data file.
2025-08-11 08:35:08,400 - ScoringRunner - INFO - Loaded 180 unique stocks with sector/industry data.
2025-08-11 08:35:08,400 - ScoringRunner - INFO - Loading financial data from /Users/gabrielcampos/PortfolioESG/data/findb/financials_db.csv...
2025-08-11 08:35:08,404 - ScoringRunner - INFO - Found latest financial data for 152 stocks.
2025-08-11 08:35:08,404 - ScoringRunner - INFO - Starting scoring and analysis...
2025-08-11 08:35:08,496 - ScoringRunner - INFO - Using DYNAMIC weighting for composite score.
2025-08-11 08:35:08,496 - ScoringRunner - INFO - Dynamic weights calculated: {'sharpe': np.float64(0.6110891884158898), 'upside': np.float64(0.08468769723901069), 'momentum': np.float64(0.3042231143450995)}
2025-08-11 08:35:08,497 - ScoringRunner - INFO - Successfully scored 180 stocks.
2025-08-11 08:35:08,497 - ScoringRunner - INFO - Saving scored stocks, sector P/E, and correlation data...
2025-08-11 08:35:08,502 - ScoringRunner - INFO - Saved Top 20 stock correlation matrix to /Users/gabrielcampos/PortfolioESG/data/results/correlation_matrix.csv
2025-08-11 08:35:08,505 - ScoringRunner - INFO - Appended 180 new records to /Users/gabrielcampos/PortfolioESG/data/results/scored_stocks.csv
2025-08-11 08:35:08,505 - ScoringRunner - INFO - Appended 11 new records to /Users/gabrielcampos/PortfolioESG/data/results/sector_pe.csv
2025-08-11 08:35:08,506 - ScoringRunner - INFO - Successfully logged performance data to: /Users/gabrielcampos/PortfolioESG/data/Results/scoring_performance.csv
2025-08-11 08:35:08,508 - ScoringRunner - INFO - Copied 'scored_stocks.csv' to web-accessible location.
2025-08-11 08:35:08,508 - ScoringRunner - INFO - Copied 'sector_pe.csv' to web-accessible location.
2025-08-11 08:35:08,509 - ScoringRunner - INFO - Copied 'correlation_matrix.csv' to web-accessible location.
2025-08-11 08:35:08,509 - ScoringRunner - INFO - Copied 'scoring_performance.csv' to web-accessible location.
2025-08-11 08:35:08,509 - ScoringRunner - INFO - Scoring script finished in 0.34 seconds.
2025-08-11 08:35:08,509 - ScoringRunner - INFO - Execution complete.
2025-08-11 12:44:17,469 - ScoringRunner - INFO - Starting Scoring.py execution pipeline.
2025-08-11 12:44:17,701 - ScoringRunner - INFO - Loaded 372433 records from master data file.
2025-08-11 12:44:17,709 - ScoringRunner - INFO - Loaded 180 unique stocks with sector/industry data.
2025-08-11 12:44:17,709 - ScoringRunner - INFO - Loading financial data from /Users/gabrielcampos/PortfolioESG/data/findb/financials_db.csv...
2025-08-11 12:44:17,714 - ScoringRunner - INFO - Found latest financial data for 152 stocks.
2025-08-11 12:44:17,715 - ScoringRunner - INFO - Starting scoring and analysis...
2025-08-11 12:44:17,807 - ScoringRunner - INFO - Using DYNAMIC weighting for composite score.
2025-08-11 12:44:17,808 - ScoringRunner - INFO - Dynamic weights calculated: {'sharpe': np.float64(0.6110891884158898), 'upside': np.float64(0.08468769723901069), 'momentum': np.float64(0.3042231143450995)}
2025-08-11 12:44:17,808 - ScoringRunner - INFO - Successfully scored 180 stocks.
2025-08-11 12:44:17,808 - ScoringRunner - INFO - Saving scored stocks, sector P/E, and correlation data...
2025-08-11 12:44:17,809 - ScoringRunner - INFO - Filtered out 106 stocks with zero or negative upside potential.
2025-08-11 12:44:17,809 - ScoringRunner - INFO - Passing 74 high-scoring, undervalued stocks to the portfolio stage.
2025-08-11 12:44:17,813 - ScoringRunner - INFO - Saved Top 20 stock correlation matrix to /Users/gabrielcampos/PortfolioESG/data/results/correlation_matrix.csv
2025-08-11 12:44:17,815 - ScoringRunner - INFO - Appended 74 new records to /Users/gabrielcampos/PortfolioESG/data/results/scored_stocks.csv
2025-08-11 12:44:17,815 - ScoringRunner - INFO - Appended 11 new records to /Users/gabrielcampos/PortfolioESG/data/results/sector_pe.csv
2025-08-11 12:44:17,816 - ScoringRunner - INFO - Successfully logged performance data to: /Users/gabrielcampos/PortfolioESG/data/Results/scoring_performance.csv
2025-08-11 12:44:17,818 - ScoringRunner - INFO - Copied 'scored_stocks.csv' to web-accessible location.
2025-08-11 12:44:17,818 - ScoringRunner - INFO - Copied 'sector_pe.csv' to web-accessible location.
2025-08-11 12:44:17,819 - ScoringRunner - INFO - Copied 'correlation_matrix.csv' to web-accessible location.
2025-08-11 12:44:17,819 - ScoringRunner - INFO - Copied 'scoring_performance.csv' to web-accessible location.
2025-08-11 12:44:17,819 - ScoringRunner - INFO - Scoring script finished in 0.35 seconds.
2025-08-11 12:44:17,819 - ScoringRunner - INFO - Execution complete.
2025-08-11 13:41:06,248 - ScoringRunner - INFO - Starting Scoring.py execution pipeline.
2025-08-11 13:41:06,595 - ScoringRunner - INFO - Loaded 372433 records from master data file.
2025-08-11 13:41:06,596 - ScoringRunner - CRITICAL - Input stocks file not found at '/Users/gabrielcampos/PortfolioESG/parameters/tickers.txt'.
2025-08-11 13:41:06,596 - ScoringRunner - CRITICAL - No valid stocks with sector data loaded. Aborting.
2025-08-11 13:41:06,600 - ScoringRunner - INFO - Successfully logged performance data to: /Users/gabrielcampos/PortfolioESG/data/Results/scoring_performance.csv
2025-08-11 13:41:06,602 - ScoringRunner - INFO - Copied 'scored_stocks.csv' to web-accessible location.
2025-08-11 13:41:06,604 - ScoringRunner - INFO - Copied 'sector_pe.csv' to web-accessible location.
2025-08-11 13:41:06,605 - ScoringRunner - INFO - Copied 'correlation_matrix.csv' to web-accessible location.
2025-08-11 13:41:06,605 - ScoringRunner - INFO - Copied 'scoring_performance.csv' to web-accessible location.
2025-08-11 13:41:06,605 - ScoringRunner - INFO - Scoring script finished in 0.35 seconds.
2025-08-11 13:41:06,606 - ScoringRunner - INFO - Execution complete.
2025-08-11 13:41:27,601 - ScoringRunner - INFO - Starting Scoring.py execution pipeline.
2025-08-11 13:41:27,946 - ScoringRunner - INFO - Loaded 372433 records from master data file.
2025-08-11 13:41:27,953 - ScoringRunner - INFO - Loaded 181 unique stocks with sector/industry data.
2025-08-11 13:41:27,953 - ScoringRunner - INFO - Loading financial data from /Users/gabrielcampos/PortfolioESG/data/findb/financials_db.csv...
2025-08-11 13:41:27,958 - ScoringRunner - INFO - Found latest financial data for 152 stocks.
2025-08-11 13:41:27,958 - ScoringRunner - INFO - Starting scoring and analysis...
2025-08-11 13:41:28,091 - ScoringRunner - INFO - Using DYNAMIC weighting for composite score.
2025-08-11 13:41:28,092 - ScoringRunner - INFO - Dynamic weights calculated: {'sharpe': np.float64(0.6188139987986456), 'upside': np.float64(0.08126660041268753), 'momentum': np.float64(0.2999194007886669)}
2025-08-11 13:41:28,093 - ScoringRunner - INFO - Successfully scored 181 stocks.
2025-08-11 13:41:28,093 - ScoringRunner - INFO - Saving scored stocks, sector P/E, and correlation data...
2025-08-11 13:41:28,094 - ScoringRunner - INFO - Filtered out 107 stocks with zero or negative upside potential.
2025-08-11 13:41:28,094 - ScoringRunner - INFO - Passing 74 high-scoring, undervalued stocks to the portfolio stage.
2025-08-11 13:41:28,099 - ScoringRunner - INFO - Saved Top 20 stock correlation matrix to /Users/gabrielcampos/PortfolioESG/data/results/correlation_matrix.csv
2025-08-11 13:41:28,101 - ScoringRunner - INFO - Appended 74 new records to /Users/gabrielcampos/PortfolioESG/data/results/scored_stocks.csv
2025-08-11 13:41:28,102 - ScoringRunner - INFO - Appended 11 new records to /Users/gabrielcampos/PortfolioESG/data/results/sector_pe.csv
2025-08-11 13:41:28,103 - ScoringRunner - INFO - Successfully logged performance data to: /Users/gabrielcampos/PortfolioESG/data/Results/scoring_performance.csv
2025-08-11 13:41:28,105 - ScoringRunner - INFO - Copied 'scored_stocks.csv' to web-accessible location.
2025-08-11 13:41:28,105 - ScoringRunner - INFO - Copied 'sector_pe.csv' to web-accessible location.
2025-08-11 13:41:28,106 - ScoringRunner - INFO - Copied 'correlation_matrix.csv' to web-accessible location.
2025-08-11 13:41:28,106 - ScoringRunner - INFO - Copied 'scoring_performance.csv' to web-accessible location.
2025-08-11 13:41:28,106 - ScoringRunner - INFO - Scoring script finished in 0.50 seconds.
2025-08-11 13:41:28,106 - ScoringRunner - INFO - Execution complete.
2025-08-11 13:43:48,848 - ScoringRunner - INFO - Starting Scoring.py execution pipeline.
2025-08-11 13:43:49,195 - ScoringRunner - INFO - Loaded 372433 records from master data file.
2025-08-11 13:43:49,203 - ScoringRunner - INFO - Loaded 181 unique stocks with sector/industry data.
2025-08-11 13:43:49,203 - ScoringRunner - INFO - Loading financial data from /Users/gabrielcampos/PortfolioESG/data/findb/financials_db.csv...
2025-08-11 13:43:49,208 - ScoringRunner - INFO - Found latest financial data for 152 stocks.
2025-08-11 13:43:49,209 - ScoringRunner - INFO - Starting scoring and analysis...
2025-08-11 13:43:49,344 - ScoringRunner - INFO - Using DYNAMIC weighting for composite score.
2025-08-11 13:43:49,344 - ScoringRunner - INFO - Dynamic weights calculated: {'sharpe': np.float64(0.6188139987986456), 'upside': np.float64(0.08126660041268753), 'momentum': np.float64(0.2999194007886669)}
2025-08-11 13:43:49,345 - ScoringRunner - INFO - Successfully scored 181 stocks.
2025-08-11 13:43:49,345 - ScoringRunner - INFO - Saving scored stocks, sector P/E, and correlation data...
2025-08-11 13:43:49,347 - ScoringRunner - INFO - Filtered out 107 stocks with zero or negative upside potential.
2025-08-11 13:43:49,347 - ScoringRunner - INFO - Passing 74 high-scoring, undervalued stocks to the portfolio stage.
2025-08-11 13:43:49,352 - ScoringRunner - INFO - Saved Top 20 stock correlation matrix to /Users/gabrielcampos/PortfolioESG/data/results/correlation_matrix.csv
2025-08-11 13:43:49,354 - ScoringRunner - INFO - Appended 74 new records to /Users/gabrielcampos/PortfolioESG/data/results/scored_stocks.csv
2025-08-11 13:43:49,355 - ScoringRunner - INFO - Appended 11 new records to /Users/gabrielcampos/PortfolioESG/data/results/sector_pe.csv
2025-08-11 13:43:49,356 - ScoringRunner - INFO - Successfully logged performance data to: /Users/gabrielcampos/PortfolioESG/data/Results/scoring_performance.csv
2025-08-11 13:43:49,358 - ScoringRunner - INFO - Copied 'scored_stocks.csv' to web-accessible location.
2025-08-11 13:43:49,359 - ScoringRunner - INFO - Copied 'sector_pe.csv' to web-accessible location.
2025-08-11 13:43:49,360 - ScoringRunner - INFO - Copied 'correlation_matrix.csv' to web-accessible location.
2025-08-11 13:43:49,360 - ScoringRunner - INFO - Copied 'scoring_performance.csv' to web-accessible location.
2025-08-11 13:43:49,360 - ScoringRunner - INFO - Scoring script finished in 0.51 seconds.
2025-08-11 13:43:49,360 - ScoringRunner - INFO - Execution complete.
2025-08-12 05:03:54,661 - ScoringRunner - INFO - Starting Scoring.py execution pipeline.
2025-08-12 05:03:55,001 - ScoringRunner - INFO - Loaded 372433 records from master data file.
2025-08-12 05:03:55,005 - ScoringRunner - WARNING - Found 21 stocks with missing names. Using Ticker as a fallback for them.
2025-08-12 05:03:55,010 - ScoringRunner - INFO - Loaded 181 unique stocks with sector/industry data.
2025-08-12 05:03:55,010 - ScoringRunner - INFO - Loading financial data from /Users/gabrielcampos/PortfolioESG/data/findb/financials_db.csv...
2025-08-12 05:03:55,015 - ScoringRunner - INFO - Found latest financial data for 152 stocks.
2025-08-12 05:03:55,015 - ScoringRunner - INFO - Starting scoring and analysis...
2025-08-12 05:03:55,154 - ScoringRunner - INFO - Using DYNAMIC weighting for composite score.
2025-08-12 05:03:55,155 - ScoringRunner - INFO - Dynamic weights calculated: {'sharpe': np.float64(0.6188139987986456), 'upside': np.float64(0.08126660041268753), 'momentum': np.float64(0.2999194007886669)}
2025-08-12 05:03:55,156 - ScoringRunner - INFO - Successfully scored 181 stocks.
2025-08-12 05:03:55,156 - ScoringRunner - INFO - Saving scored stocks, sector P/E, and correlation data...
2025-08-12 05:03:55,157 - ScoringRunner - INFO - Filtered out 107 stocks with zero or negative upside potential.
2025-08-12 05:03:55,157 - ScoringRunner - INFO - Passing 74 high-scoring, undervalued stocks to the portfolio stage.
2025-08-12 05:03:55,163 - ScoringRunner - INFO - Saved Top 20 stock correlation matrix to /Users/gabrielcampos/PortfolioESG/data/results/correlation_matrix.csv
2025-08-12 05:03:55,165 - ScoringRunner - INFO - Appended 74 new records to /Users/gabrielcampos/PortfolioESG/data/results/scored_stocks.csv
2025-08-12 05:03:55,165 - ScoringRunner - INFO - Appended 11 new records to /Users/gabrielcampos/PortfolioESG/data/results/sector_pe.csv
2025-08-12 05:03:55,166 - ScoringRunner - INFO - Successfully logged performance data to: /Users/gabrielcampos/PortfolioESG/data/Results/scoring_performance.csv
2025-08-12 05:03:55,168 - ScoringRunner - INFO - Copied 'scored_stocks.csv' to web-accessible location.
2025-08-12 05:03:55,169 - ScoringRunner - INFO - Copied 'sector_pe.csv' to web-accessible location.
2025-08-12 05:03:55,170 - ScoringRunner - INFO - Copied 'correlation_matrix.csv' to web-accessible location.
2025-08-12 05:03:55,170 - ScoringRunner - INFO - Copied 'scoring_performance.csv' to web-accessible location.
2025-08-12 05:03:55,170 - ScoringRunner - INFO - Scoring script finished in 0.51 seconds.
2025-08-12 05:03:55,171 - ScoringRunner - INFO - Execution complete.
2025-08-12 05:06:03,727 - ScoringRunner - INFO - Starting Scoring.py execution pipeline.
2025-08-12 05:06:04,062 - ScoringRunner - INFO - Loaded 372433 records from master data file.
2025-08-12 05:06:04,065 - ScoringRunner - WARNING - Found 21 stocks with missing names. Using Ticker as a fallback for them.
2025-08-12 05:06:04,067 - ScoringRunner - INFO - Loaded 181 unique stocks with sector/industry data.
2025-08-12 05:06:04,068 - ScoringRunner - INFO - Loading financial data from /Users/gabrielcampos/PortfolioESG/data/findb/financials_db.csv...
2025-08-12 05:06:04,071 - ScoringRunner - INFO - Found latest financial data for 152 stocks.
2025-08-12 05:06:04,071 - ScoringRunner - INFO - Starting scoring and analysis...
2025-08-12 05:06:04,195 - ScoringRunner - INFO - Using DYNAMIC weighting for composite score.
2025-08-12 05:06:04,195 - ScoringRunner - INFO - Dynamic weights calculated: {'sharpe': np.float64(0.6188139987986456), 'upside': np.float64(0.08126660041268753), 'momentum': np.float64(0.2999194007886669)}
2025-08-12 05:06:04,196 - ScoringRunner - INFO - Successfully scored 181 stocks.
2025-08-12 05:06:04,196 - ScoringRunner - INFO - Saving scored stocks, sector P/E, and correlation data...
2025-08-12 05:06:04,197 - ScoringRunner - INFO - Filtered out 107 stocks with zero or negative upside potential.
2025-08-12 05:06:04,197 - ScoringRunner - INFO - Passing 74 high-scoring, undervalued stocks to the portfolio stage.
2025-08-12 05:06:04,202 - ScoringRunner - INFO - Saved Top 20 stock correlation matrix to /Users/gabrielcampos/PortfolioESG/data/results/correlation_matrix.csv
2025-08-12 05:06:04,205 - ScoringRunner - INFO - Appended 74 new records to /Users/gabrielcampos/PortfolioESG/data/results/scored_stocks.csv
2025-08-12 05:06:04,205 - ScoringRunner - INFO - Appended 11 new records to /Users/gabrielcampos/PortfolioESG/data/results/sector_pe.csv
2025-08-12 05:06:04,206 - ScoringRunner - INFO - Successfully logged performance data to: /Users/gabrielcampos/PortfolioESG/data/Results/scoring_performance.csv
2025-08-12 05:06:04,206 - ScoringRunner - INFO - Copied 'scored_stocks.csv' to web-accessible location.
2025-08-12 05:06:04,207 - ScoringRunner - INFO - Copied 'sector_pe.csv' to web-accessible location.
2025-08-12 05:06:04,207 - ScoringRunner - INFO - Copied 'correlation_matrix.csv' to web-accessible location.
2025-08-12 05:06:04,208 - ScoringRunner - INFO - Copied 'scoring_performance.csv' to web-accessible location.
2025-08-12 05:06:04,208 - ScoringRunner - INFO - Scoring script finished in 0.48 seconds.
2025-08-12 05:06:04,208 - ScoringRunner - INFO - Execution complete.
